#
# A fatal error has been detected by the Java Runtime Environment:
#
#  Internal Error (t:/workspace/open/src/hotspot/share/oops/generateOopMap.cpp:2164), pid=10336, tid=5176
#  fatal error: Illegal class file encountered. Try running with -Xverify:all in method admissionthrough
#
# JRE version: Java(TM) SE Runtime Environment (11.0.2+9) (build 11.0.2+9-LTS)
# Java VM: Java HotSpot(TM) 64-Bit Server VM (11.0.2+9-LTS, mixed mode, tiered, compressed oops, g1 gc, windows-amd64)
# No core dump will be written. Minidumps are not enabled by default on client versions of Windows
#
# If you would like to submit a bug report, please visit:
#   http://bugreport.java.com/bugreport/crash.jsp
#

---------------  S U M M A R Y ------------

Command Line: -agentlib:jdwp=transport=dt_socket,suspend=y,address=localhost:61778 -ea -Dfile.encoding=Cp1252 org.testng.remote.RemoteTestNG -serport 61777 -protocol json -d C:\Users\Bhara\eclipse-workspace\Com.Selenium.test\test-output C:\Users\Bhara\AppData\Local\Temp\testng-eclipse--727240612\testng-customsuite.xml

Host: Intel(R) Core(TM) i5-4210U CPU @ 1.70GHz, 4 cores, 7G,  Windows 10 , 64 bit Build 18362 (10.0.18362.1316)
Time: Sun Jul  4 13:10:04 2021 India Standard Time elapsed time: 1917 seconds (0d 0h 31m 57s)

---------------  T H R E A D  ---------------

Current thread (0x0000021e46598000):  VMThread "VM Thread" [stack: 0x000000f579a00000,0x000000f579b00000] [id=5176]

Stack: [0x000000f579a00000,0x000000f579b00000]
[error occurred during error reporting (printing stack bounds), id 0xc0000005, EXCEPTION_ACCESS_VIOLATION (0xc0000005) at pc=0x0000021e2fdf0bad]

Native frames: (J=compiled Java code, j=interpreted, Vv=VM code, C=native code)
V  [jvm.dll+0x63574a]
V  [jvm.dll+0x77326f]
V  [jvm.dll+0x77491a]
V  [jvm.dll+0x774f35]
V  [jvm.dll+0x774eeb]
V  [jvm.dll+0x634e56]
V  [jvm.dll+0x635218]
C  [ntdll.dll+0xa184f]
C  [ntdll.dll+0x6a889]
C  [ntdll.dll+0xa04be]
C  0x0000021e2fdf0bad

VM_Operation (0x000000f57a2ff2b0): GetOrSetLocal, mode: safepoint, requested by thread 0x0000021e470b4800


---------------  P R O C E S S  ---------------

Threads class SMR info:
_java_thread_list=0x0000021e47bc5660, length=18, elements={
0x0000021e262c9800, 0x0000021e465be000, 0x0000021e465c7000, 0x0000021e46f43000,
0x0000021e465dc800, 0x0000021e465e2000, 0x0000021e465fe800, 0x0000021e46f95000,
0x0000021e470b4800, 0x0000021e470b7800, 0x0000021e470b9000, 0x0000021e470d5000,
0x0000021e470e1000, 0x0000021e479c3800, 0x0000021e47e3e800, 0x0000021e483ae000,
0x0000021e483ae800, 0x0000021e4838e800
}

Java Threads: ( => current thread )
  0x0000021e262c9800 JavaThread "main" [_thread_blocked, id=5352, stack(0x000000f579400000,0x000000f579500000)]
  0x0000021e465be000 JavaThread "Reference Handler" daemon [_thread_blocked, id=6864, stack(0x000000f579b00000,0x000000f579c00000)]
  0x0000021e465c7000 JavaThread "Finalizer" daemon [_thread_blocked, id=8500, stack(0x000000f579c00000,0x000000f579d00000)]
  0x0000021e46f43000 JavaThread "Signal Dispatcher" daemon [_thread_blocked, id=16572, stack(0x000000f579d00000,0x000000f579e00000)]
  0x0000021e465dc800 JavaThread "Attach Listener" daemon [_thread_blocked, id=8160, stack(0x000000f579e00000,0x000000f579f00000)]
  0x0000021e465e2000 JavaThread "C2 CompilerThread0" daemon [_thread_blocked, id=4356, stack(0x000000f579f00000,0x000000f57a000000)]
  0x0000021e465fe800 JavaThread "C1 CompilerThread0" daemon [_thread_blocked, id=1320, stack(0x000000f57a000000,0x000000f57a100000)]
  0x0000021e46f95000 JavaThread "Sweeper thread" daemon [_thread_blocked, id=13316, stack(0x000000f57a100000,0x000000f57a200000)]
  0x0000021e470b4800 JavaThread "JDWP Transport Listener: dt_socket" daemon [_thread_blocked, id=15244, stack(0x000000f57a200000,0x000000f57a300000)] _threads_hazard_ptr=0x0000021e47bc5660
  0x0000021e470b7800 JavaThread "JDWP Event Helper Thread" daemon [_thread_blocked, id=2892, stack(0x000000f57a300000,0x000000f57a400000)]
  0x0000021e470b9000 JavaThread "JDWP Command Reader" daemon [_thread_in_native, id=8320, stack(0x000000f57a400000,0x000000f57a500000)]
  0x0000021e470d5000 JavaThread "Service Thread" daemon [_thread_blocked, id=11508, stack(0x000000f57a500000,0x000000f57a600000)]
  0x0000021e470e1000 JavaThread "Common-Cleaner" daemon [_thread_blocked, id=14284, stack(0x000000f57a700000,0x000000f57a800000)]
  0x0000021e479c3800 JavaThread "ReaderThread" [_thread_in_native, id=11140, stack(0x000000f57a900000,0x000000f57aa00000)]
  0x0000021e47e3e800 JavaThread "Exec Default Executor" daemon [_thread_in_native, id=9456, stack(0x000000f57ae00000,0x000000f57af00000)]
  0x0000021e483ae000 JavaThread "Exec Stream Pumper" daemon [_thread_in_native, id=14832, stack(0x000000f57b000000,0x000000f57b100000)]
  0x0000021e483ae800 JavaThread "Exec Stream Pumper" daemon [_thread_in_native, id=15104, stack(0x000000f57b100000,0x000000f57b200000)]
  0x0000021e4838e800 JavaThread "Okio Watchdog" daemon [_thread_blocked, id=15532, stack(0x000000f57b300000,0x000000f57b400000)]

Other Threads:
=>0x0000021e46598000 VMThread "VM Thread" [stack: 0x000000f579a00000,0x000000f579b00000] [id=5176]
  0x0000021e470d0800 WatcherThread [stack: 0x000000f57a600000,0x000000f57a700000] [id=10164]
  0x0000021e262df800 GCTaskThread "GC Thread#0" [stack: 0x000000f579500000,0x000000f579600000] [id=13080]
  0x0000021e47e17800 GCTaskThread "GC Thread#1" [stack: 0x000000f57aa00000,0x000000f57ab00000] [id=11576]
  0x0000021e47b8a000 GCTaskThread "GC Thread#2" [stack: 0x000000f57ab00000,0x000000f57ac00000] [id=16960]
  0x0000021e47e06800 GCTaskThread "GC Thread#3" [stack: 0x000000f57ac00000,0x000000f57ad00000] [id=6296]
  0x0000021e2630f000 ConcurrentGCThread "G1 Main Marker" [stack: 0x000000f579600000,0x000000f579700000] [id=2032]
  0x0000021e26313000 ConcurrentGCThread "G1 Conc#0" [stack: 0x000000f579700000,0x000000f579800000] [id=17616]
  0x0000021e26391800 ConcurrentGCThread "G1 Refine#0" [stack: 0x000000f579800000,0x000000f579900000] [id=16456]
  0x0000021e46410800 ConcurrentGCThread "G1 Young RemSet Sampling" [stack: 0x000000f579900000,0x000000f579a00000] [id=13940]

Threads with active compile tasks:

VM state:at safepoint (normal execution)

VM Mutex/Monitor currently owned by a thread:  ([mutex/lock_event])
[0x0000021e262c7c80] Threads_lock - owner thread: 0x0000021e46598000

Heap address: 0x0000000081800000, size: 2024 MB, Compressed Oops mode: 32-bit
Narrow klass base: 0x0000000000000000, Narrow klass shift: 3
Compressed class space size: 1073741824 Address: 0x0000000100000000

Heap:
 garbage-first heap   total 131072K, used 12884K [0x0000000081800000, 0x0000000100000000)
  region size 1024K, 9 young (9216K), 2 survivors (2048K)
 Metaspace       used 23122K, capacity 23733K, committed 24064K, reserved 1071104K
  class space    used 2504K, capacity 2715K, committed 2816K, reserved 1048576K
Heap Regions: E=young(eden), S=young(survivor), O=old, HS=humongous(starts), HC=humongous(continues), CS=collection set, F=free, A=archive, TAMS=top-at-mark-start (previous, next)
|   0|0x0000000081800000, 0x0000000081900000, 0x0000000081900000|100%| O|  |TAMS 0x0000000081900000, 0x0000000081800000| Untracked 
|   1|0x0000000081900000, 0x0000000081a00000, 0x0000000081a00000|100%| O|  |TAMS 0x0000000081a00000, 0x0000000081900000| Untracked 
|   2|0x0000000081a00000, 0x0000000081b00000, 0x0000000081b00000|100%| O|  |TAMS 0x0000000081b00000, 0x0000000081a00000| Untracked 
|   3|0x0000000081b00000, 0x0000000081c00000, 0x0000000081c00000|100%| O|  |TAMS 0x0000000081b27800, 0x0000000081b00000| Untracked 
|   4|0x0000000081c00000, 0x0000000081c9ee00, 0x0000000081d00000| 62%| O|  |TAMS 0x0000000081c00000, 0x0000000081c00000| Untracked 
|   5|0x0000000081d00000, 0x0000000081d00000, 0x0000000081e00000|  0%| F|  |TAMS 0x0000000081d00000, 0x0000000081d00000| Untracked 
|   6|0x0000000081e00000, 0x0000000081e00000, 0x0000000081f00000|  0%| F|  |TAMS 0x0000000081e00000, 0x0000000081e00000| Untracked 
|   7|0x0000000081f00000, 0x0000000081f00000, 0x0000000082000000|  0%| F|  |TAMS 0x0000000081f00000, 0x0000000081f00000| Untracked 
|   8|0x0000000082000000, 0x0000000082000000, 0x0000000082100000|  0%| F|  |TAMS 0x0000000082000000, 0x0000000082000000| Untracked 
|   9|0x0000000082100000, 0x0000000082100000, 0x0000000082200000|  0%| F|  |TAMS 0x0000000082100000, 0x0000000082100000| Untracked 
|  10|0x0000000082200000, 0x0000000082200000, 0x0000000082300000|  0%| F|  |TAMS 0x0000000082200000, 0x0000000082200000| Untracked 
|  11|0x0000000082300000, 0x0000000082300000, 0x0000000082400000|  0%| F|  |TAMS 0x0000000082300000, 0x0000000082300000| Untracked 
|  12|0x0000000082400000, 0x0000000082400000, 0x0000000082500000|  0%| F|  |TAMS 0x0000000082400000, 0x0000000082400000| Untracked 
|  13|0x0000000082500000, 0x0000000082500000, 0x0000000082600000|  0%| F|  |TAMS 0x0000000082500000, 0x0000000082500000| Untracked 
|  14|0x0000000082600000, 0x0000000082600000, 0x0000000082700000|  0%| F|  |TAMS 0x0000000082600000, 0x0000000082600000| Untracked 
|  15|0x0000000082700000, 0x0000000082700000, 0x0000000082800000|  0%| F|  |TAMS 0x0000000082700000, 0x0000000082700000| Untracked 
|  16|0x0000000082800000, 0x0000000082800000, 0x0000000082900000|  0%| F|  |TAMS 0x0000000082800000, 0x0000000082800000| Untracked 
|  17|0x0000000082900000, 0x0000000082900000, 0x0000000082a00000|  0%| F|  |TAMS 0x0000000082900000, 0x0000000082900000| Untracked 
|  18|0x0000000082a00000, 0x0000000082a00000, 0x0000000082b00000|  0%| F|  |TAMS 0x0000000082a00000, 0x0000000082a00000| Untracked 
|  19|0x0000000082b00000, 0x0000000082b00000, 0x0000000082c00000|  0%| F|  |TAMS 0x0000000082b00000, 0x0000000082b00000| Untracked 
|  20|0x0000000082c00000, 0x0000000082c00000, 0x0000000082d00000|  0%| F|  |TAMS 0x0000000082c00000, 0x0000000082c00000| Untracked 
|  21|0x0000000082d00000, 0x0000000082d00000, 0x0000000082e00000|  0%| F|  |TAMS 0x0000000082d00000, 0x0000000082d00000| Untracked 
|  22|0x0000000082e00000, 0x0000000082e00000, 0x0000000082f00000|  0%| F|  |TAMS 0x0000000082e00000, 0x0000000082e00000| Untracked 
|  23|0x0000000082f00000, 0x0000000082f00000, 0x0000000083000000|  0%| F|  |TAMS 0x0000000082f00000, 0x0000000082f00000| Untracked 
|  24|0x0000000083000000, 0x0000000083000000, 0x0000000083100000|  0%| F|  |TAMS 0x0000000083000000, 0x0000000083000000| Untracked 
|  25|0x0000000083100000, 0x0000000083100000, 0x0000000083200000|  0%| F|  |TAMS 0x0000000083100000, 0x0000000083100000| Untracked 
|  26|0x0000000083200000, 0x0000000083200000, 0x0000000083300000|  0%| F|  |TAMS 0x0000000083200000, 0x0000000083200000| Untracked 
|  27|0x0000000083300000, 0x0000000083300000, 0x0000000083400000|  0%| F|  |TAMS 0x0000000083300000, 0x0000000083300000| Untracked 
|  28|0x0000000083400000, 0x0000000083400000, 0x0000000083500000|  0%| F|  |TAMS 0x0000000083400000, 0x0000000083400000| Untracked 
|  29|0x0000000083500000, 0x0000000083500000, 0x0000000083600000|  0%| F|  |TAMS 0x0000000083500000, 0x0000000083500000| Untracked 
|  30|0x0000000083600000, 0x0000000083600000, 0x0000000083700000|  0%| F|  |TAMS 0x0000000083600000, 0x0000000083600000| Untracked 
|  31|0x0000000083700000, 0x0000000083700000, 0x0000000083800000|  0%| F|  |TAMS 0x0000000083700000, 0x0000000083700000| Untracked 
|  32|0x0000000083800000, 0x0000000083800000, 0x0000000083900000|  0%| F|  |TAMS 0x0000000083800000, 0x0000000083800000| Untracked 
|  33|0x0000000083900000, 0x0000000083900000, 0x0000000083a00000|  0%| F|  |TAMS 0x0000000083900000, 0x0000000083900000| Untracked 
|  34|0x0000000083a00000, 0x0000000083a00000, 0x0000000083b00000|  0%| F|  |TAMS 0x0000000083a00000, 0x0000000083a00000| Untracked 
|  35|0x0000000083b00000, 0x0000000083b00000, 0x0000000083c00000|  0%| F|  |TAMS 0x0000000083b00000, 0x0000000083b00000| Untracked 
|  36|0x0000000083c00000, 0x0000000083c00000, 0x0000000083d00000|  0%| F|  |TAMS 0x0000000083c00000, 0x0000000083c00000| Untracked 
|  37|0x0000000083d00000, 0x0000000083d00000, 0x0000000083e00000|  0%| F|  |TAMS 0x0000000083d00000, 0x0000000083d00000| Untracked 
|  38|0x0000000083e00000, 0x0000000083e00000, 0x0000000083f00000|  0%| F|  |TAMS 0x0000000083e00000, 0x0000000083e00000| Untracked 
|  39|0x0000000083f00000, 0x0000000083f00000, 0x0000000084000000|  0%| F|  |TAMS 0x0000000083f00000, 0x0000000083f00000| Untracked 
|  40|0x0000000084000000, 0x0000000084000000, 0x0000000084100000|  0%| F|  |TAMS 0x0000000084000000, 0x0000000084000000| Untracked 
|  41|0x0000000084100000, 0x0000000084100000, 0x0000000084200000|  0%| F|  |TAMS 0x0000000084100000, 0x0000000084100000| Untracked 
|  42|0x0000000084200000, 0x0000000084200000, 0x0000000084300000|  0%| F|  |TAMS 0x0000000084200000, 0x0000000084200000| Untracked 
|  43|0x0000000084300000, 0x0000000084300000, 0x0000000084400000|  0%| F|  |TAMS 0x0000000084300000, 0x0000000084300000| Untracked 
|  44|0x0000000084400000, 0x0000000084400000, 0x0000000084500000|  0%| F|  |TAMS 0x0000000084400000, 0x0000000084400000| Untracked 
|  45|0x0000000084500000, 0x0000000084500000, 0x0000000084600000|  0%| F|  |TAMS 0x0000000084500000, 0x0000000084500000| Untracked 
|  46|0x0000000084600000, 0x0000000084600000, 0x0000000084700000|  0%| F|  |TAMS 0x0000000084600000, 0x0000000084600000| Untracked 
|  47|0x0000000084700000, 0x0000000084700000, 0x0000000084800000|  0%| F|  |TAMS 0x0000000084700000, 0x0000000084700000| Untracked 
|  48|0x0000000084800000, 0x0000000084800000, 0x0000000084900000|  0%| F|  |TAMS 0x0000000084800000, 0x0000000084800000| Untracked 
|  49|0x0000000084900000, 0x0000000084900000, 0x0000000084a00000|  0%| F|  |TAMS 0x0000000084900000, 0x0000000084900000| Untracked 
|  50|0x0000000084a00000, 0x0000000084a00000, 0x0000000084b00000|  0%| F|  |TAMS 0x0000000084a00000, 0x0000000084a00000| Untracked 
|  51|0x0000000084b00000, 0x0000000084b00000, 0x0000000084c00000|  0%| F|  |TAMS 0x0000000084b00000, 0x0000000084b00000| Untracked 
|  52|0x0000000084c00000, 0x0000000084c00000, 0x0000000084d00000|  0%| F|  |TAMS 0x0000000084c00000, 0x0000000084c00000| Untracked 
|  53|0x0000000084d00000, 0x0000000084d00000, 0x0000000084e00000|  0%| F|  |TAMS 0x0000000084d00000, 0x0000000084d00000| Untracked 
|  54|0x0000000084e00000, 0x0000000084e00000, 0x0000000084f00000|  0%| F|  |TAMS 0x0000000084e00000, 0x0000000084e00000| Untracked 
|  55|0x0000000084f00000, 0x0000000084f00000, 0x0000000085000000|  0%| F|  |TAMS 0x0000000084f00000, 0x0000000084f00000| Untracked 
|  56|0x0000000085000000, 0x0000000085000000, 0x0000000085100000|  0%| F|  |TAMS 0x0000000085000000, 0x0000000085000000| Untracked 
|  57|0x0000000085100000, 0x0000000085100000, 0x0000000085200000|  0%| F|  |TAMS 0x0000000085100000, 0x0000000085100000| Untracked 
|  58|0x0000000085200000, 0x0000000085200000, 0x0000000085300000|  0%| F|  |TAMS 0x0000000085200000, 0x0000000085200000| Untracked 
|  59|0x0000000085300000, 0x0000000085300000, 0x0000000085400000|  0%| F|  |TAMS 0x0000000085300000, 0x0000000085300000| Untracked 
|  60|0x0000000085400000, 0x0000000085400000, 0x0000000085500000|  0%| F|  |TAMS 0x0000000085400000, 0x0000000085400000| Untracked 
|  61|0x0000000085500000, 0x0000000085500000, 0x0000000085600000|  0%| F|  |TAMS 0x0000000085500000, 0x0000000085500000| Untracked 
|  62|0x0000000085600000, 0x0000000085600000, 0x0000000085700000|  0%| F|  |TAMS 0x0000000085600000, 0x0000000085600000| Untracked 
|  63|0x0000000085700000, 0x0000000085700000, 0x0000000085800000|  0%| F|  |TAMS 0x0000000085700000, 0x0000000085700000| Untracked 
|  64|0x0000000085800000, 0x0000000085800000, 0x0000000085900000|  0%| F|  |TAMS 0x0000000085800000, 0x0000000085800000| Untracked 
|  65|0x0000000085900000, 0x0000000085900000, 0x0000000085a00000|  0%| F|  |TAMS 0x0000000085900000, 0x0000000085900000| Untracked 
|  66|0x0000000085a00000, 0x0000000085a00000, 0x0000000085b00000|  0%| F|  |TAMS 0x0000000085a00000, 0x0000000085a00000| Untracked 
|  67|0x0000000085b00000, 0x0000000085b00000, 0x0000000085c00000|  0%| F|  |TAMS 0x0000000085b00000, 0x0000000085b00000| Untracked 
|  68|0x0000000085c00000, 0x0000000085c00000, 0x0000000085d00000|  0%| F|  |TAMS 0x0000000085c00000, 0x0000000085c00000| Untracked 
|  69|0x0000000085d00000, 0x0000000085d00000, 0x0000000085e00000|  0%| F|  |TAMS 0x0000000085d00000, 0x0000000085d00000| Untracked 
|  70|0x0000000085e00000, 0x0000000085e00000, 0x0000000085f00000|  0%| F|  |TAMS 0x0000000085e00000, 0x0000000085e00000| Untracked 
|  71|0x0000000085f00000, 0x0000000085f00000, 0x0000000086000000|  0%| F|  |TAMS 0x0000000085f00000, 0x0000000085f00000| Untracked 
|  72|0x0000000086000000, 0x0000000086000000, 0x0000000086100000|  0%| F|  |TAMS 0x0000000086000000, 0x0000000086000000| Untracked 
|  73|0x0000000086100000, 0x0000000086100000, 0x0000000086200000|  0%| F|  |TAMS 0x0000000086100000, 0x0000000086100000| Untracked 
|  74|0x0000000086200000, 0x0000000086200000, 0x0000000086300000|  0%| F|  |TAMS 0x0000000086200000, 0x0000000086200000| Untracked 
|  75|0x0000000086300000, 0x0000000086300000, 0x0000000086400000|  0%| F|  |TAMS 0x0000000086300000, 0x0000000086300000| Untracked 
|  76|0x0000000086400000, 0x0000000086400000, 0x0000000086500000|  0%| F|  |TAMS 0x0000000086400000, 0x0000000086400000| Untracked 
|  77|0x0000000086500000, 0x0000000086500000, 0x0000000086600000|  0%| F|  |TAMS 0x0000000086500000, 0x0000000086500000| Untracked 
|  78|0x0000000086600000, 0x0000000086600000, 0x0000000086700000|  0%| F|  |TAMS 0x0000000086600000, 0x0000000086600000| Untracked 
|  79|0x0000000086700000, 0x0000000086700000, 0x0000000086800000|  0%| F|  |TAMS 0x0000000086700000, 0x0000000086700000| Untracked 
|  80|0x0000000086800000, 0x0000000086800000, 0x0000000086900000|  0%| F|  |TAMS 0x0000000086800000, 0x0000000086800000| Untracked 
|  81|0x0000000086900000, 0x0000000086900000, 0x0000000086a00000|  0%| F|  |TAMS 0x0000000086900000, 0x0000000086900000| Untracked 
|  82|0x0000000086a00000, 0x0000000086a00000, 0x0000000086b00000|  0%| F|  |TAMS 0x0000000086a00000, 0x0000000086a00000| Untracked 
|  83|0x0000000086b00000, 0x0000000086b00000, 0x0000000086c00000|  0%| F|  |TAMS 0x0000000086b00000, 0x0000000086b00000| Untracked 
|  84|0x0000000086c00000, 0x0000000086c00000, 0x0000000086d00000|  0%| F|  |TAMS 0x0000000086c00000, 0x0000000086c00000| Untracked 
|  85|0x0000000086d00000, 0x0000000086d00000, 0x0000000086e00000|  0%| F|  |TAMS 0x0000000086d00000, 0x0000000086d00000| Untracked 
|  86|0x0000000086e00000, 0x0000000086e00000, 0x0000000086f00000|  0%| F|  |TAMS 0x0000000086e00000, 0x0000000086e00000| Untracked 
|  87|0x0000000086f00000, 0x0000000086f00000, 0x0000000087000000|  0%| F|  |TAMS 0x0000000086f00000, 0x0000000086f00000| Untracked 
|  88|0x0000000087000000, 0x0000000087000000, 0x0000000087100000|  0%| F|  |TAMS 0x0000000087000000, 0x0000000087000000| Untracked 
|  89|0x0000000087100000, 0x0000000087100000, 0x0000000087200000|  0%| F|  |TAMS 0x0000000087100000, 0x0000000087100000| Untracked 
|  90|0x0000000087200000, 0x0000000087200000, 0x0000000087300000|  0%| F|  |TAMS 0x0000000087200000, 0x0000000087200000| Untracked 
|  91|0x0000000087300000, 0x0000000087300000, 0x0000000087400000|  0%| F|  |TAMS 0x0000000087300000, 0x0000000087300000| Untracked 
|  92|0x0000000087400000, 0x0000000087400000, 0x0000000087500000|  0%| F|  |TAMS 0x0000000087400000, 0x0000000087400000| Untracked 
|  93|0x0000000087500000, 0x0000000087500000, 0x0000000087600000|  0%| F|  |TAMS 0x0000000087500000, 0x0000000087500000| Untracked 
|  94|0x0000000087600000, 0x00000000876f64c0, 0x0000000087700000| 96%| S|CS|TAMS 0x0000000087600000, 0x0000000087600000| Complete 
|  95|0x0000000087700000, 0x0000000087800000, 0x0000000087800000|100%| S|CS|TAMS 0x0000000087700000, 0x0000000087700000| Complete 
|  96|0x0000000087800000, 0x0000000087800000, 0x0000000087900000|  0%| F|  |TAMS 0x0000000087800000, 0x0000000087800000| Untracked 
|  97|0x0000000087900000, 0x0000000087900000, 0x0000000087a00000|  0%| F|  |TAMS 0x0000000087900000, 0x0000000087900000| Untracked 
|  98|0x0000000087a00000, 0x0000000087a00000, 0x0000000087b00000|  0%| F|  |TAMS 0x0000000087a00000, 0x0000000087a00000| Untracked 
|  99|0x0000000087b00000, 0x0000000087b00000, 0x0000000087c00000|  0%| F|  |TAMS 0x0000000087b00000, 0x0000000087b00000| Untracked 
| 100|0x0000000087c00000, 0x0000000087c00000, 0x0000000087d00000|  0%| F|  |TAMS 0x0000000087c00000, 0x0000000087c00000| Untracked 
| 101|0x0000000087d00000, 0x0000000087d00000, 0x0000000087e00000|  0%| F|  |TAMS 0x0000000087d00000, 0x0000000087d00000| Untracked 
| 102|0x0000000087e00000, 0x0000000087e00000, 0x0000000087f00000|  0%| F|  |TAMS 0x0000000087e00000, 0x0000000087e00000| Untracked 
| 103|0x0000000087f00000, 0x0000000087f00000, 0x0000000088000000|  0%| F|  |TAMS 0x0000000087f00000, 0x0000000087f00000| Untracked 
| 104|0x0000000088000000, 0x0000000088000000, 0x0000000088100000|  0%| F|  |TAMS 0x0000000088000000, 0x0000000088000000| Untracked 
| 105|0x0000000088100000, 0x0000000088100000, 0x0000000088200000|  0%| F|  |TAMS 0x0000000088100000, 0x0000000088100000| Untracked 
| 106|0x0000000088200000, 0x0000000088200000, 0x0000000088300000|  0%| F|  |TAMS 0x0000000088200000, 0x0000000088200000| Untracked 
| 107|0x0000000088300000, 0x0000000088300000, 0x0000000088400000|  0%| F|  |TAMS 0x0000000088300000, 0x0000000088300000| Untracked 
| 108|0x0000000088400000, 0x0000000088400000, 0x0000000088500000|  0%| F|  |TAMS 0x0000000088400000, 0x0000000088400000| Untracked 
| 109|0x0000000088500000, 0x0000000088500000, 0x0000000088600000|  0%| F|  |TAMS 0x0000000088500000, 0x0000000088500000| Untracked 
| 110|0x0000000088600000, 0x0000000088600000, 0x0000000088700000|  0%| F|  |TAMS 0x0000000088600000, 0x0000000088600000| Untracked 
| 111|0x0000000088700000, 0x0000000088700000, 0x0000000088800000|  0%| F|  |TAMS 0x0000000088700000, 0x0000000088700000| Untracked 
| 112|0x0000000088800000, 0x0000000088800000, 0x0000000088900000|  0%| F|  |TAMS 0x0000000088800000, 0x0000000088800000| Untracked 
| 113|0x0000000088900000, 0x0000000088900000, 0x0000000088a00000|  0%| F|  |TAMS 0x0000000088900000, 0x0000000088900000| Untracked 
| 114|0x0000000088a00000, 0x0000000088a00000, 0x0000000088b00000|  0%| F|  |TAMS 0x0000000088a00000, 0x0000000088a00000| Untracked 
| 115|0x0000000088b00000, 0x0000000088b00000, 0x0000000088c00000|  0%| F|  |TAMS 0x0000000088b00000, 0x0000000088b00000| Untracked 
| 116|0x0000000088c00000, 0x0000000088c00000, 0x0000000088d00000|  0%| F|  |TAMS 0x0000000088c00000, 0x0000000088c00000| Untracked 
| 117|0x0000000088d00000, 0x0000000088d00000, 0x0000000088e00000|  0%| F|  |TAMS 0x0000000088d00000, 0x0000000088d00000| Untracked 
| 118|0x0000000088e00000, 0x0000000088e00000, 0x0000000088f00000|  0%| F|  |TAMS 0x0000000088e00000, 0x0000000088e00000| Untracked 
| 119|0x0000000088f00000, 0x0000000088f00000, 0x0000000089000000|  0%| F|  |TAMS 0x0000000088f00000, 0x0000000088f00000| Untracked 
| 120|0x0000000089000000, 0x0000000089000000, 0x0000000089100000|  0%| F|  |TAMS 0x0000000089000000, 0x0000000089000000| Untracked 
| 121|0x0000000089100000, 0x000000008915a620, 0x0000000089200000| 35%| E|  |TAMS 0x0000000089100000, 0x0000000089100000| Complete 
| 122|0x0000000089200000, 0x0000000089300000, 0x0000000089300000|100%| E|CS|TAMS 0x0000000089200000, 0x0000000089200000| Complete 
| 123|0x0000000089300000, 0x0000000089400000, 0x0000000089400000|100%| E|CS|TAMS 0x0000000089300000, 0x0000000089300000| Complete 
| 124|0x0000000089400000, 0x0000000089500000, 0x0000000089500000|100%| E|CS|TAMS 0x0000000089400000, 0x0000000089400000| Complete 
| 125|0x0000000089500000, 0x0000000089600000, 0x0000000089600000|100%| E|CS|TAMS 0x0000000089500000, 0x0000000089500000| Complete 
| 126|0x0000000089600000, 0x0000000089700000, 0x0000000089700000|100%| E|CS|TAMS 0x0000000089600000, 0x0000000089600000| Complete 
| 127|0x0000000089700000, 0x0000000089800000, 0x0000000089800000|100%| E|CS|TAMS 0x0000000089700000, 0x0000000089700000| Complete 

Card table byte_map: [0x0000021e3f830000,0x0000021e3fc30000] _byte_map_base: 0x0000021e3f424000

Marking Bits (Prev, Next): (CMBitMap*) 0x0000021e263055b0, (CMBitMap*) 0x0000021e26305578
 Prev Bits: [0x0000021e41fd0000, 0x0000021e43f70000)
 Next Bits: [0x0000021e40030000, 0x0000021e41fd0000)

Polling page: 0x0000021e263a0000

Metaspace:

Usage:
  Non-class:     20.53 MB capacity,    20.14 MB ( 98%) used,   337.65 KB (  2%) free+waste,    62.06 KB ( <1%) overhead. 
      Class:      2.65 MB capacity,     2.45 MB ( 92%) used,   181.88 KB (  7%) free+waste,    28.75 KB (  1%) overhead. 
       Both:     23.18 MB capacity,    22.58 MB ( 97%) used,   519.53 KB (  2%) free+waste,    90.81 KB ( <1%) overhead. 

Virtual space:
  Non-class space:       22.00 MB reserved,      20.75 MB ( 94%) committed 
      Class space:        1.00 GB reserved,       2.75 MB ( <1%) committed 
             Both:        1.02 GB reserved,      23.50 MB (  2%) committed 

Chunk freelists:
   Non-Class:  4.75 KB
       Class:  640 bytes
        Both:  5.38 KB

CodeHeap 'non-profiled nmethods': size=120064Kb used=736Kb max_used=736Kb free=119327Kb
 bounds [0x0000021e378b0000, 0x0000021e37b20000, 0x0000021e3edf0000]
CodeHeap 'profiled nmethods': size=120000Kb used=4146Kb max_used=4146Kb free=115853Kb
 bounds [0x0000021e30380000, 0x0000021e30790000, 0x0000021e378b0000]
CodeHeap 'non-nmethods': size=5696Kb used=1235Kb max_used=1252Kb free=4460Kb
 bounds [0x0000021e2fdf0000, 0x0000021e30060000, 0x0000021e30380000]
 total_blobs=2983 nmethods=2076 adapters=403
 compilation: enabled
              stopped_count=0, restarted_count=0
 full_count=0

Compilation events (10 events):
Event: 80.407 Thread 0x0000021e465fe800 nmethod 2076 0x0000021e37967790 code [0x0000021e37967940, 0x0000021e37967a98]
Event: 80.407 Thread 0x0000021e465fe800 2062       3       com.google.common.collect.ArrayListMultimap::entries (5 bytes)
Event: 80.407 Thread 0x0000021e465fe800 nmethod 2062 0x0000021e3078b190 code [0x0000021e3078b3a0, 0x0000021e3078bb90]
Event: 80.408 Thread 0x0000021e465e2000 nmethod 2080 0x0000021e37967b10 code [0x0000021e37967cc0, 0x0000021e37967e58]
Event: 177.763 Thread 0x0000021e465fe800 2081       3       java.util.ArrayDeque$DeqIterator::hasNext (13 bytes)
Event: 177.763 Thread 0x0000021e465fe800 nmethod 2081 0x0000021e3078be10 code [0x0000021e3078bfc0, 0x0000021e3078c178]
Event: 263.151 Thread 0x0000021e465fe800 2082       3       okio.AsyncTimeout::remainingNanos (7 bytes)
Event: 263.151 Thread 0x0000021e465fe800 nmethod 2082 0x0000021e3078c210 code [0x0000021e3078c3c0, 0x0000021e3078c518]
Event: 272.900 Thread 0x0000021e465fe800 2084       3       java.lang.Object::wait (50 bytes)
Event: 272.900 Thread 0x0000021e465fe800 nmethod 2084 0x0000021e3078c590 code [0x0000021e3078c7a0, 0x0000021e3078cc10]

GC Heap History (8 events):
Event: 1.772 GC heap before
{Heap before GC invocations=0 (full 0):
 garbage-first heap   total 131072K, used 14336K [0x0000000081800000, 0x0000000100000000)
  region size 1024K, 14 young (14336K), 0 survivors (0K)
 Metaspace       used 13060K, capacity 13355K, committed 13440K, reserved 1060864K
  class space    used 1302K, capacity 1386K, committed 1408K, reserved 1048576K
}
Event: 1.778 GC heap after
{Heap after GC invocations=1 (full 0):
 garbage-first heap   total 131072K, used 3023K [0x0000000081800000, 0x0000000100000000)
  region size 1024K, 2 young (2048K), 2 survivors (2048K)
 Metaspace       used 13060K, capacity 13355K, committed 13440K, reserved 1060864K
  class space    used 1302K, capacity 1386K, committed 1408K, reserved 1048576K
}
Event: 2.086 GC heap before
{Heap before GC invocations=1 (full 0):
 garbage-first heap   total 131072K, used 12239K [0x0000000081800000, 0x0000000100000000)
  region size 1024K, 11 young (11264K), 2 survivors (2048K)
 Metaspace       used 16442K, capacity 16773K, committed 17024K, reserved 1064960K
  class space    used 1694K, capacity 1799K, committed 1920K, reserved 1048576K
}
Event: 2.091 GC heap after
{Heap after GC invocations=2 (full 0):
 garbage-first heap   total 131072K, used 4795K [0x0000000081800000, 0x0000000100000000)
  region size 1024K, 2 young (2048K), 2 survivors (2048K)
 Metaspace       used 16442K, capacity 16773K, committed 17024K, reserved 1064960K
  class space    used 1694K, capacity 1799K, committed 1920K, reserved 1048576K
}
Event: 4.338 GC heap before
{Heap before GC invocations=2 (full 0):
 garbage-first heap   total 131072K, used 20155K [0x0000000081800000, 0x0000000100000000)
  region size 1024K, 18 young (18432K), 2 survivors (2048K)
 Metaspace       used 20620K, capacity 21130K, committed 21248K, reserved 1069056K
  class space    used 2254K, capacity 2449K, committed 2560K, reserved 1048576K
}
Event: 4.348 GC heap after
{Heap after GC invocations=3 (full 0):
 garbage-first heap   total 131072K, used 5841K [0x0000000081800000, 0x0000000100000000)
  region size 1024K, 3 young (3072K), 3 survivors (3072K)
 Metaspace       used 20620K, capacity 21130K, committed 21248K, reserved 1069056K
  class space    used 2254K, capacity 2449K, committed 2560K, reserved 1048576K
}
Event: 270.871 GC heap before
{Heap before GC invocations=4 (full 0):
 garbage-first heap   total 131072K, used 35537K [0x0000000081800000, 0x0000000100000000)
  region size 1024K, 32 young (32768K), 3 survivors (3072K)
 Metaspace       used 22964K, capacity 23541K, committed 23808K, reserved 1071104K
  class space    used 2500K, capacity 2715K, committed 2816K, reserved 1048576K
}
Event: 270.877 GC heap after
{Heap after GC invocations=5 (full 0):
 garbage-first heap   total 131072K, used 6740K [0x0000000081800000, 0x0000000100000000)
  region size 1024K, 2 young (2048K), 2 survivors (2048K)
 Metaspace       used 22964K, capacity 23541K, committed 23808K, reserved 1071104K
  class space    used 2500K, capacity 2715K, committed 2816K, reserved 1048576K
}

Deoptimization events (10 events):
Event: 0.561 Thread 0x0000021e262c9800 Uncommon trap: reason=unstable_if action=reinterpret pc=0x0000021e378b4e94 method=java.lang.String.hashCode()I @ 14 c2
Event: 0.572 Thread 0x0000021e262c9800 Uncommon trap: reason=unstable_if action=reinterpret pc=0x0000021e378b1978 method=java.lang.String.isLatin1()Z @ 10 c2
Event: 1.120 Thread 0x0000021e262c9800 Uncommon trap: reason=unstable_if action=reinterpret pc=0x0000021e378c28ec method=java.lang.String.startsWith(Ljava/lang/String;I)Z @ 1 c2
Event: 1.913 Thread 0x0000021e262c9800 Uncommon trap: reason=unstable_if action=reinterpret pc=0x0000021e378f23d4 method=java.util.HashMap.putVal(ILjava/lang/Object;Ljava/lang/Object;ZZ)Ljava/lang/Object; @ 162 c2
Event: 2.138 Thread 0x0000021e262c9800 Uncommon trap: reason=unstable_if action=reinterpret pc=0x0000021e378e9fdc method=java.lang.StringUTF16.compress([CI[BII)I @ 20 c2
Event: 2.250 Thread 0x0000021e47dfe800 Uncommon trap: reason=unstable_if action=reinterpret pc=0x0000021e378fe004 method=java.lang.CharacterDataLatin1.digit(II)I @ 12 c2
Event: 2.764 Thread 0x0000021e47dfe800 Uncommon trap: reason=unstable_if action=reinterpret pc=0x0000021e378fe460 method=java.lang.CharacterDataLatin1.digit(II)I @ 12 c2
Event: 3.001 Thread 0x0000021e262c9800 Uncommon trap: reason=unstable_if action=reinterpret pc=0x0000021e378b28fc method=java.lang.String.isLatin1()Z @ 10 c2
Event: 4.370 Thread 0x0000021e262c9800 Uncommon trap: reason=unstable_if action=reinterpret pc=0x0000021e3792a348 method=java.util.concurrent.ConcurrentHashMap.putVal(Ljava/lang/Object;Ljava/lang/Object;Z)Ljava/lang/Object; @ 256 c2
Event: 70.555 Thread 0x0000021e262c9800 Uncommon trap: reason=unstable_if action=reinterpret pc=0x0000021e3794a970 method=java.util.regex.Matcher.search(I)Z @ 30 c2

Classes redefined (8 events):
Event: 244.631 Thread 0x0000021e46598000 redefined class name=Tests.SATS, count=1
Event: 345.435 Thread 0x0000021e46598000 redefined class name=Tests.SATS, count=2
Event: 374.620 Thread 0x0000021e46598000 redefined class name=Tests.SATS, count=3
Event: 386.251 Thread 0x0000021e46598000 redefined class name=Tests.SATS, count=4
Event: 1869.134 Thread 0x0000021e46598000 redefined class name=Tests.SATS, count=5
Event: 1889.134 Thread 0x0000021e46598000 redefined class name=Tests.SATS, count=6
Event: 1899.228 Thread 0x0000021e46598000 redefined class name=Tests.SATS, count=7
Event: 1917.214 Thread 0x0000021e46598000 redefined class name=Tests.SATS, count=8

Internal exceptions (10 events):
Event: 272.140 Thread 0x0000021e262c9800 Exception <a 'java/net/SocketTimeoutException'{0x00000000894752f0}: Read timed out> (0x00000000894752f0) thrown at [t:/workspace/open/src/hotspot/share/prims/jni.cpp, line 636]
Event: 272.468 Thread 0x0000021e262c9800 Exception <a 'java/net/SocketTimeoutException'{0x00000000893687e8}: Read timed out> (0x00000000893687e8) thrown at [t:/workspace/open/src/hotspot/share/prims/jni.cpp, line 636]
Event: 272.762 Thread 0x0000021e262c9800 Exception <a 'java/net/SocketTimeoutException'{0x00000000892530c0}: Read timed out> (0x00000000892530c0) thrown at [t:/workspace/open/src/hotspot/share/prims/jni.cpp, line 636]
Event: 272.831 Thread 0x0000021e262c9800 Exception <a 'java/net/SocketTimeoutException'{0x0000000089270ed0}: Read timed out> (0x0000000089270ed0) thrown at [t:/workspace/open/src/hotspot/share/prims/jni.cpp, line 636]
Event: 272.898 Thread 0x0000021e262c9800 Exception <a 'java/net/SocketTimeoutException'{0x0000000089283790}: Read timed out> (0x0000000089283790) thrown at [t:/workspace/open/src/hotspot/share/prims/jni.cpp, line 636]
Event: 272.940 Thread 0x0000021e262c9800 Exception <a 'java/net/SocketTimeoutException'{0x000000008929abf8}: Read timed out> (0x000000008929abf8) thrown at [t:/workspace/open/src/hotspot/share/prims/jni.cpp, line 636]
Event: 273.080 Thread 0x0000021e262c9800 Exception <a 'java/net/SocketTimeoutException'{0x00000000892be360}: Read timed out> (0x00000000892be360) thrown at [t:/workspace/open/src/hotspot/share/prims/jni.cpp, line 636]
Event: 273.156 Thread 0x0000021e262c9800 Exception <a 'java/net/SocketTimeoutException'{0x00000000892cf8d0}: Read timed out> (0x00000000892cf8d0) thrown at [t:/workspace/open/src/hotspot/share/prims/jni.cpp, line 636]
Event: 274.047 Thread 0x0000021e262c9800 Exception <a 'java/net/SocketTimeoutException'{0x00000000892db4b0}: Read timed out> (0x00000000892db4b0) thrown at [t:/workspace/open/src/hotspot/share/prims/jni.cpp, line 636]
Event: 274.140 Thread 0x0000021e262c9800 Exception <a 'java/net/SocketTimeoutException'{0x00000000892f2230}: Read timed out> (0x00000000892f2230) thrown at [t:/workspace/open/src/hotspot/share/prims/jni.cpp, line 636]

Events (10 events):
Event: 1917.272 Executing VM operation: GetStackTrace done
Event: 1917.396 Executing VM operation: GetFrameCount
Event: 1917.396 Executing VM operation: GetFrameCount done
Event: 1917.396 Executing VM operation: GetOwnedMonitorInfo
Event: 1917.396 Executing VM operation: GetOwnedMonitorInfo done
Event: 1917.396 Executing VM operation: GetCurrentContendedMonitor
Event: 1917.396 Executing VM operation: GetCurrentContendedMonitor done
Event: 1917.426 Executing VM operation: GetFrameLocation
Event: 1917.426 Executing VM operation: GetFrameLocation done
Event: 1917.426 Executing VM operation: GetOrSetLocal


Dynamic libraries:
0x00007ff67c140000 - 0x00007ff67c187000 	C:\Program Files\Java\jdk-11.0.2\bin\javaw.exe
0x00007ffea5120000 - 0x00007ffea5310000 	C:\WINDOWS\SYSTEM32\ntdll.dll
0x00007ffea4ff0000 - 0x00007ffea50a2000 	C:\WINDOWS\System32\KERNEL32.DLL
0x00007ffea22a0000 - 0x00007ffea2545000 	C:\WINDOWS\System32\KERNELBASE.dll
0x00007ffea4660000 - 0x00007ffea4703000 	C:\WINDOWS\System32\ADVAPI32.dll
0x00007ffea4b40000 - 0x00007ffea4bde000 	C:\WINDOWS\System32\msvcrt.dll
0x00007ffea4bf0000 - 0x00007ffea4c87000 	C:\WINDOWS\System32\sechost.dll
0x00007ffea3e70000 - 0x00007ffea3f8f000 	C:\WINDOWS\System32\RPCRT4.dll
0x00007ffea47f0000 - 0x00007ffea4984000 	C:\WINDOWS\System32\USER32.dll
0x00007ffea2220000 - 0x00007ffea2241000 	C:\WINDOWS\System32\win32u.dll
0x00007ffea3480000 - 0x00007ffea34a6000 	C:\WINDOWS\System32\GDI32.dll
0x00007ffea3000000 - 0x00007ffea3198000 	C:\WINDOWS\System32\gdi32full.dll
0x00007ffea2f60000 - 0x00007ffea2ffe000 	C:\WINDOWS\System32\msvcp_win.dll
0x00007ffea2550000 - 0x00007ffea264a000 	C:\WINDOWS\System32\ucrtbase.dll
0x00007ffe95ad0000 - 0x00007ffe95d54000 	C:\WINDOWS\WinSxS\amd64_microsoft.windows.common-controls_6595b64144ccf1df_6.0.18362.1316_none_9e7a364fe461dbd7\COMCTL32.dll
0x00007ffea4cb0000 - 0x00007ffea4fe7000 	C:\WINDOWS\System32\combase.dll
0x00007ffea2720000 - 0x00007ffea27a1000 	C:\WINDOWS\System32\bcryptPrimitives.dll
0x00007ffe9a920000 - 0x00007ffe9a92a000 	C:\WINDOWS\SYSTEM32\VERSION.dll
0x00007ffea3610000 - 0x00007ffea363e000 	C:\WINDOWS\System32\IMM32.DLL
0x00007ffe932c0000 - 0x00007ffe932d6000 	C:\Program Files\Java\jdk-11.0.2\bin\vcruntime140.dll
0x00007ffe75400000 - 0x00007ffe754aa000 	C:\Program Files\Java\jdk-11.0.2\bin\msvcp140.dll
0x00007ffe65da0000 - 0x00007ffe668c7000 	C:\Program Files\Java\jdk-11.0.2\bin\server\jvm.dll
0x00007ffea3ff0000 - 0x00007ffea3ff8000 	C:\WINDOWS\System32\PSAPI.DLL
0x00007ffe8b760000 - 0x00007ffe8b769000 	C:\WINDOWS\SYSTEM32\WSOCK32.dll
0x00007ffe9dde0000 - 0x00007ffe9de04000 	C:\WINDOWS\SYSTEM32\WINMM.dll
0x00007ffea3d30000 - 0x00007ffea3d9f000 	C:\WINDOWS\System32\WS2_32.dll
0x00007ffe9ddb0000 - 0x00007ffe9dddd000 	C:\WINDOWS\SYSTEM32\WINMMBASE.dll
0x00007ffea2250000 - 0x00007ffea229a000 	C:\WINDOWS\System32\cfgmgr32.dll
0x00007ffea1fd0000 - 0x00007ffea1fe1000 	C:\WINDOWS\System32\kernel.appcore.dll
0x00007ffe92990000 - 0x00007ffe929a1000 	C:\Program Files\Java\jdk-11.0.2\bin\verify.dll
0x00007ffe9ff20000 - 0x00007ffea0114000 	C:\WINDOWS\SYSTEM32\DBGHELP.DLL
0x00007ffe8f590000 - 0x00007ffe8f5ba000 	C:\WINDOWS\SYSTEM32\dbgcore.DLL
0x00007ffe914b0000 - 0x00007ffe914d9000 	C:\Program Files\Java\jdk-11.0.2\bin\java.dll
0x00007ffe77540000 - 0x00007ffe77577000 	C:\Program Files\Java\jdk-11.0.2\bin\jdwp.dll
0x00007ffe87010000 - 0x00007ffe87026000 	C:\Program Files\Java\jdk-11.0.2\bin\zip.dll
0x00007ffe96e40000 - 0x00007ffe96e4a000 	C:\Program Files\Java\jdk-11.0.2\bin\jimage.dll
0x00007ffea3640000 - 0x00007ffea3d28000 	C:\WINDOWS\System32\SHELL32.dll
0x00007ffea33d0000 - 0x00007ffea3477000 	C:\WINDOWS\System32\shcore.dll
0x00007ffea27e0000 - 0x00007ffea2f5b000 	C:\WINDOWS\System32\windows.storage.dll
0x00007ffea2040000 - 0x00007ffea2063000 	C:\WINDOWS\System32\profapi.dll
0x00007ffea1ff0000 - 0x00007ffea203a000 	C:\WINDOWS\System32\powrprof.dll
0x00007ffea1fa0000 - 0x00007ffea1fb0000 	C:\WINDOWS\System32\UMPDC.dll
0x00007ffea4710000 - 0x00007ffea4762000 	C:\WINDOWS\System32\shlwapi.dll
0x00007ffea2650000 - 0x00007ffea2667000 	C:\WINDOWS\System32\cryptsp.dll
0x00007ffe9e2c0000 - 0x00007ffe9e2ca000 	C:\Program Files\Java\jdk-11.0.2\bin\dt_socket.dll
0x00007ffea17e0000 - 0x00007ffea1847000 	C:\WINDOWS\System32\mswsock.dll
0x00007ffea1530000 - 0x00007ffea15fb000 	C:\WINDOWS\SYSTEM32\DNSAPI.dll
0x00007ffea4be0000 - 0x00007ffea4be8000 	C:\WINDOWS\System32\NSI.dll
0x00007ffea14f0000 - 0x00007ffea152a000 	C:\WINDOWS\SYSTEM32\IPHLPAPI.DLL
0x00007ffe9a1d0000 - 0x00007ffe9a247000 	C:\WINDOWS\System32\fwpuclnt.dll
0x00007ffea27b0000 - 0x00007ffea27d6000 	C:\WINDOWS\System32\bcrypt.dll
0x00007ffe96810000 - 0x00007ffe9681a000 	C:\Windows\System32\rasadhlp.dll
0x00007ffe82cd0000 - 0x00007ffe82ce9000 	C:\Program Files\Java\jdk-11.0.2\bin\net.dll
0x00007ffe92770000 - 0x00007ffe92946000 	C:\WINDOWS\SYSTEM32\urlmon.dll
0x00007ffe96880000 - 0x00007ffe96970000 	C:\WINDOWS\SYSTEM32\WINHTTP.dll
0x00007ffe92a70000 - 0x00007ffe92d17000 	C:\WINDOWS\SYSTEM32\iertutil.dll
0x00007ffea19b0000 - 0x00007ffea19bc000 	C:\WINDOWS\SYSTEM32\CRYPTBASE.DLL
0x00007ffe829b0000 - 0x00007ffe829c3000 	C:\Program Files\Java\jdk-11.0.2\bin\nio.dll
0x00007ffea1360000 - 0x00007ffea1393000 	C:\WINDOWS\system32\rsaenh.dll
0x00007ffea1ec0000 - 0x00007ffea1ee5000 	C:\WINDOWS\SYSTEM32\USERENV.dll
0x00007ffe9a560000 - 0x00007ffe9a576000 	C:\WINDOWS\SYSTEM32\dhcpcsvc6.DLL
0x00007ffe9a2b0000 - 0x00007ffe9a2cc000 	C:\WINDOWS\SYSTEM32\dhcpcsvc.DLL
0x00007ffe96130000 - 0x00007ffe9613d000 	C:\Program Files\Java\jdk-11.0.2\bin\sunmscapi.dll
0x00007ffea20d0000 - 0x00007ffea221a000 	C:\WINDOWS\System32\CRYPT32.dll
0x00007ffea1fb0000 - 0x00007ffea1fc2000 	C:\WINDOWS\System32\MSASN1.dll
0x00007ffea1ab0000 - 0x00007ffea1ad6000 	C:\WINDOWS\SYSTEM32\ncrypt.dll
0x00007ffea1a70000 - 0x00007ffea1aab000 	C:\WINDOWS\SYSTEM32\NTASN1.dll
0x00007ffe77580000 - 0x00007ffe775a7000 	C:\Program Files\Java\jdk-11.0.2\bin\sunec.dll

dbghelp: loaded successfully - version: 4.0.5 - missing functions: none
symbol engine: initialized successfully - sym options: 0x614 - pdb path: .;C:\Program Files\Java\jdk-11.0.2\bin;C:\WINDOWS\SYSTEM32;C:\WINDOWS\WinSxS\amd64_microsoft.windows.common-controls_6595b64144ccf1df_6.0.18362.1316_none_9e7a364fe461dbd7;C:\Program Files\Java\jdk-11.0.2\bin\server

VM Arguments:
jvm_args: -agentlib:jdwp=transport=dt_socket,suspend=y,address=localhost:61778 -ea -Dfile.encoding=Cp1252 
java_command: org.testng.remote.RemoteTestNG -serport 61777 -protocol json -d C:\Users\Bhara\eclipse-workspace\Com.Selenium.test\test-output C:\Users\Bhara\AppData\Local\Temp\testng-eclipse--727240612\testng-customsuite.xml
java_class_path (initial): C:\Users\Bhara\eclipse\java-2020-032\eclipse\configuration\org.eclipse.osgi\628\0\.cp\lib\testng-remote.jar;C:\Users\Bhara\eclipse-workspace\Com.Selenium.test\target\test-classes;C:\Users\Bhara\eclipse-workspace\Com.Selenium.test\target\classes;C:\Users\Bhara\.p2\pool\plugins\org.testng_6.14.3.r201802240500.jar;C:\Users\Bhara\.p2\pool\plugins\com.beust.jcommander_1.72.0.jar;C:\Users\Bhara\.p2\pool\plugins\org.apache-extras.beanshell.bsh_2.0.0.b6.jar;C:\Users\Bhara\.p2\pool\plugins\org.yaml.snakeyaml_1.17.0.jar;C:\Users\Bhara\.m2\repository\org\seleniumhq\selenium\selenium-support\3.14.0\selenium-support-3.14.0.jar;C:\Users\Bhara\.m2\repository\org\seleniumhq\selenium\selenium-java\3.141.59\selenium-java-3.141.59.jar;C:\Users\Bhara\.m2\repository\org\seleniumhq\selenium\selenium-api\3.141.59\selenium-api-3.141.59.jar;C:\Users\Bhara\.m2\repository\org\seleniumhq\selenium\selenium-chrome-driver\3.141.59\selenium-chrome-driver-3.141.59.jar;C:\Users\Bhara\.m2\repository\org\seleniumhq\selenium\selenium-edge-driver\3.141.59\selenium-edge-driver-3.141.59.jar;C:\Users\Bhara\.m2\repository\org\seleniumhq\selenium\selenium-firefox-driver\3.141.59\selenium-firefox-driver-3.141.59.jar;C:\Users\Bhara\.m2\repository\org\seleniumhq\selenium\selenium-ie-driver\3.141.59\selenium-ie-driver-3.141.59.jar;C:\Users\Bhara\.m2\repository\org\seleniumhq\selenium\selenium-opera-driver\3.141.59\selenium-opera-driver-3.141.59.jar;C:\Users\Bhara\.m2\repository\org\seleniumhq\selenium\selenium-remote-driver\3.141.59\selenium-remote-driver-3.141.59.jar;C:\Users\Bhara\.m2\repository\org\seleniumhq\selenium\selenium-safari-driver\3.141.59\selenium-safari-driver-3.141.59.jar;C:\Users\Bhara\.m2\repository\org\seleniumhq\selenium\selenium-support\3.141.59\selenium-support-3.141.59.jar;C:\Users\Bhara\.m2\repository\net\bytebuddy\byte-buddy\1.8.15\byte-buddy-1.8.15.jar;C:\Users\Bhara\.m2\repository\org\apache\commons\commons-exec\1.3\commons-exec-1.3.jar;C:\Users\Bhara\.m2\r
Launcher Type: SUN_STANDARD

[Global flags]
     intx CICompilerCount                          = 3                                         {product} {ergonomic}
     uint ConcGCThreads                            = 1                                         {product} {ergonomic}
     uint G1ConcRefinementThreads                  = 4                                         {product} {ergonomic}
   size_t G1HeapRegionSize                         = 1048576                                   {product} {ergonomic}
    uintx GCDrainStackTargetSize                   = 64                                        {product} {ergonomic}
   size_t InitialHeapSize                          = 134217728                                 {product} {ergonomic}
   size_t MarkStackSize                            = 4194304                                   {product} {ergonomic}
   size_t MaxHeapSize                              = 2122317824                                {product} {ergonomic}
   size_t MaxNewSize                               = 1272971264                                {product} {ergonomic}
   size_t MinHeapDeltaBytes                        = 1048576                                   {product} {ergonomic}
    uintx NonNMethodCodeHeapSize                   = 5830092                                {pd product} {ergonomic}
    uintx NonProfiledCodeHeapSize                  = 122914074                              {pd product} {ergonomic}
    uintx ProfiledCodeHeapSize                     = 122914074                              {pd product} {ergonomic}
    uintx ReservedCodeCacheSize                    = 251658240                              {pd product} {ergonomic}
     bool SegmentedCodeCache                       = true                                      {product} {ergonomic}
     bool UseCompressedClassPointers               = true                                 {lp64_product} {ergonomic}
     bool UseCompressedOops                        = true                                 {lp64_product} {ergonomic}
     bool UseG1GC                                  = true                                      {product} {ergonomic}
     bool UseLargePagesIndividualAllocation        = false                                  {pd product} {ergonomic}

Logging:
Log output configuration:
 #0: stdout all=warning uptime,level,tags
 #1: stderr all=off uptime,level,tags

Environment Variables:
PATH=C:/Program Files/Java/jdk-11.0.2/bin/server;C:/Program Files/Java/jdk-11.0.2/bin;E:\app\Bhara\product\18.0.0\dbhomeXE\bin;C:\oraclexe\app\oracle\product\10.2.0\server\bin;C:\WINDOWS\system32;C:\WINDOWS;C:\WINDOWS\System32\Wbem;C:\WINDOWS\System32\WindowsPowerShell\v1.0\;C:\WINDOWS\System32\OpenSSH\;C:\Program Files\Git\cmd;C:\Program Files\PuTTY\;C:\Users\Bhara\AppData\Local\Microsoft\WindowsApps;C:\Program Files\Java\jdk-11.0.2\bin;;C:\Users\Bhara\AppData\Local\Programs\Microsoft VS Code\bin;C:\Users\Bhara\OneDrive\Desktop;
USERNAME=Bhara
OS=Windows_NT
PROCESSOR_IDENTIFIER=Intel64 Family 6 Model 69 Stepping 1, GenuineIntel



---------------  S Y S T E M  ---------------

OS: Windows 10 , 64 bit Build 18362 (10.0.18362.1316)

CPU:total 4 (initial active 4) (2 cores per cpu, 2 threads per core) family 6 model 69 stepping 1, cmov, cx8, fxsr, mmx, sse, sse2, sse3, ssse3, sse4.1, sse4.2, popcnt, avx, avx2, aes, clmul, erms, lzcnt, ht, tsc, tscinvbit, bmi1, bmi2, fma

Memory: 4k page, system-wide physical 8095M (3434M free)
TotalPageFile size 20122M (AvailPageFile size 12438M)
current process WorkingSet (physical memory assigned to process): 99M, peak: 105M
current process commit charge ("private bytes"): 227M, peak: 230M

vm_info: Java HotSpot(TM) 64-Bit Server VM (11.0.2+9-LTS) for windows-amd64 JRE (11.0.2+9-LTS), built on Jan 18 2019 05:24:10 by "mach5one" with MS VC++ 15.5 (VS2017)

END.
