#
# A fatal error has been detected by the Java Runtime Environment:
#
#  EXCEPTION_ACCESS_VIOLATION (0xc0000005) at pc=0x00007ffc0cbd1503, pid=8744, tid=26196
#
# JRE version: Java(TM) SE Runtime Environment (11.0.2+9) (build 11.0.2+9-LTS)
# Java VM: Java HotSpot(TM) 64-Bit Server VM (11.0.2+9-LTS, mixed mode, tiered, compressed oops, g1 gc, windows-amd64)
# Problematic frame:
# V  [jvm.dll+0x341503]
#
# No core dump will be written. Minidumps are not enabled by default on client versions of Windows
#
# If you would like to submit a bug report, please visit:
#   http://bugreport.java.com/bugreport/crash.jsp
#

---------------  S U M M A R Y ------------

Command Line: -agentlib:jdwp=transport=dt_socket,suspend=y,address=localhost:60820 -ea -Dfile.encoding=Cp1252 org.testng.remote.RemoteTestNG -serport 60819 -protocol json -d C:\Users\Bhara\eclipse-workspace\Com.Selenium.test\test-output C:\Users\Bhara\AppData\Local\Temp\testng-eclipse--353752451\testng-customsuite.xml

Host: Intel(R) Core(TM) i5-4210U CPU @ 1.70GHz, 4 cores, 7G,  Windows 10 , 64 bit Build 18362 (10.0.18362.1316)
Time: Sat May 15 09:51:49 2021 India Standard Time elapsed time: 682 seconds (0d 0h 11m 22s)

---------------  T H R E A D  ---------------

Current thread (0x00000162cd730000):  VMThread "VM Thread" [stack: 0x0000001a2ab00000,0x0000001a2ac00000] [id=26196]

Stack: [0x0000001a2ab00000,0x0000001a2ac00000],  sp=0x0000001a2abfef20,  free space=1019k
Native frames: (J=compiled Java code, j=interpreted, Vv=VM code, C=native code)
V  [jvm.dll+0x341503]
V  [jvm.dll+0x345727]
V  [jvm.dll+0x345c2a]
V  [jvm.dll+0x3417d2]
V  [jvm.dll+0x624a05]
V  [jvm.dll+0x62478d]
V  [jvm.dll+0x5ea49a]
V  [jvm.dll+0x5022c7]
V  [jvm.dll+0x77b2cc]
V  [jvm.dll+0x779787]
V  [jvm.dll+0x779fb0]
V  [jvm.dll+0x77a2bf]
V  [jvm.dll+0x6347f2]
C  [ucrtbase.dll+0x210b2]
C  [KERNEL32.DLL+0x17c24]
C  [ntdll.dll+0x6d4d1]


siginfo: EXCEPTION_ACCESS_VIOLATION (0xc0000005), reading address 0xffffffffffffffff


Register to memory mapping:

RIP=0x00007ffc0cbd1503 jvm.dll
RAX=0x00000162cd6e78d0 points into unknown readable memory: 21 00 00 00 00 00 00 00
RBX=0x0000001a2abff0f0 points into unknown readable memory: 48 1b 15 0d fc 7f 00 00
RCX=0x0000001a2abff160 points into unknown readable memory: d0 78 6e cd 62 01 00 00
RDX=0xffffffffffffcca0 is an unknown value
RSP=0x0000001a2abfef20 points into unknown readable memory: 1c 00 00 00 00 00 00 00
RBP=0x00007ffc0cbd14e0 jvm.dll
RSI=0x0 is NULL
RDI=0x00000000000000a4 is an unknown value
R8 =0x03ffffffffffff32 is an unknown value
R9 =0x0000000000000020 is an unknown value
R10=0x00000001000b5ed0 is a pointer to class: 
Tests.SATS {0x00000001000b5ed8}
R11=0x0 is NULL
R12=0x0000000000000001 is an unknown value
R13=0x00007ffc0c890000 jvm.dll
R14=0x00000162cf163ec2 is pointing into metadata
R15=0x0000000000000232 is an unknown value


Registers:
RAX=0x00000162cd6e78d0, RBX=0x0000001a2abff0f0, RCX=0x0000001a2abff160, RDX=0xffffffffffffcca0
RSP=0x0000001a2abfef20, RBP=0x00007ffc0cbd14e0, RSI=0x0000000000000000, RDI=0x00000000000000a4
R8 =0x03ffffffffffff32, R9 =0x0000000000000020, R10=0x00000001000b5ed0, R11=0x0000000000000000
R12=0x0000000000000001, R13=0x00007ffc0c890000, R14=0x00000162cf163ec2, R15=0x0000000000000232
RIP=0x00007ffc0cbd1503, EFLAGS=0x0000000000010a03

Top of Stack: (sp=0x0000001a2abfef20)
0x0000001a2abfef20:   000000000000001c 0000000000000008
0x0000001a2abfef30:   00000162ad290000 00007ffc0cae4640
0x0000001a2abfef40:   0000001a2abff0f0 00007ffc0cbd5727
0x0000001a2abfef50:   0000001a2abff0f0 0000000000000050
0x0000001a2abfef60:   0000000000000000 00007ffc0c9b60de
0x0000001a2abfef70:   0000001a2abfefc0 00000162cd730000
0x0000001a2abfef80:   00000162cd6e7c08 00000162cf163ec2
0x0000001a2abfef90:   00000000000000a4 00007ffc0cbd5c2a
0x0000001a2abfefa0:   0000001a2abff0f0 0000000000000232
0x0000001a2abfefb0:   00000000000000a4 00000162ad200cc0
0x0000001a2abfefc0:   00000162cf1640f0 00000162cd730000
0x0000001a2abfefd0:   0000023500000232 000000a4000002d7
0x0000001a2abfefe0:   000002d700000000 ffffffff000000a4
0x0000001a2abfeff0:   00000162cd6e7c08 0000000000000000
0x0000001a2abff000:   00007ffc0d31fb30 00000000000003d8
0x0000001a2abff010:   00000162cd6e7880 00007ffc0cbd17d2 

Instructions: (pc=0x00007ffc0cbd1503)
0x00007ffc0cbd14e3:   83 ec 20 48 63 d2 48 8b d9 0f b6 c2 48 83 c1 70
0x00007ffc0cbd14f3:   24 3f 4c 8b c2 44 0f b6 c8 49 c1 e8 06 48 8b 01
0x00007ffc0cbd1503:   4e 8b 04 c0 4d 0f a3 c8 72 0b 41 b0 01 e8 8b 3b
0x00007ffc0cbd1513:   dd ff ff 43 6c 48 83 c4 20 5b c3 cc cc 8b c2 4c 


Stack slot to memory mapping:
stack at sp + 0 slots: 0x000000000000001c is an unknown value
stack at sp + 1 slots: 0x0000000000000008 is an unknown value
stack at sp + 2 slots: 0x00000162ad290000 points into unknown readable memory: 00 00 00 00 00 00 00 00
stack at sp + 3 slots: 0x00007ffc0cae4640 jvm.dll
stack at sp + 4 slots: 0x0000001a2abff0f0 points into unknown readable memory: 48 1b 15 0d fc 7f 00 00
stack at sp + 5 slots: 0x00007ffc0cbd5727 jvm.dll
stack at sp + 6 slots: 0x0000001a2abff0f0 points into unknown readable memory: 48 1b 15 0d fc 7f 00 00
stack at sp + 7 slots: 0x0000000000000050 is an unknown value

VM_Operation (0x0000001a2b3ff6e0): GetOrSetLocal, mode: safepoint, requested by thread 0x00000162ce27b000


---------------  P R O C E S S  ---------------

Threads class SMR info:
_java_thread_list=0x00000162ce249dc0, length=19, elements={
0x00000162ad48a000, 0x00000162cd733000, 0x00000162cd75c800, 0x00000162cd76e000,
0x00000162cd76f000, 0x00000162cd775800, 0x00000162cd77f800, 0x00000162ce0f4000,
0x00000162ce27b000, 0x00000162ce27c800, 0x00000162ce27d000, 0x00000162ce297000,
0x00000162ce2a1800, 0x00000162ce9ae800, 0x00000162cf4e6800, 0x00000162cf6c4800,
0x00000162cf6ba000, 0x00000162cf4e0800, 0x00000162cf4d9800
}

Java Threads: ( => current thread )
  0x00000162ad48a000 JavaThread "main" [_thread_blocked, id=14344, stack(0x0000001a2a500000,0x0000001a2a600000)]
  0x00000162cd733000 JavaThread "Reference Handler" daemon [_thread_blocked, id=27568, stack(0x0000001a2ac00000,0x0000001a2ad00000)]
  0x00000162cd75c800 JavaThread "Finalizer" daemon [_thread_blocked, id=16736, stack(0x0000001a2ad00000,0x0000001a2ae00000)]
  0x00000162cd76e000 JavaThread "Signal Dispatcher" daemon [_thread_blocked, id=27368, stack(0x0000001a2ae00000,0x0000001a2af00000)]
  0x00000162cd76f000 JavaThread "Attach Listener" daemon [_thread_blocked, id=21772, stack(0x0000001a2af00000,0x0000001a2b000000)]
  0x00000162cd775800 JavaThread "C2 CompilerThread0" daemon [_thread_blocked, id=19672, stack(0x0000001a2b000000,0x0000001a2b100000)]
  0x00000162cd77f800 JavaThread "C1 CompilerThread0" daemon [_thread_blocked, id=25740, stack(0x0000001a2b100000,0x0000001a2b200000)]
  0x00000162ce0f4000 JavaThread "Sweeper thread" daemon [_thread_blocked, id=22292, stack(0x0000001a2b200000,0x0000001a2b300000)]
  0x00000162ce27b000 JavaThread "JDWP Transport Listener: dt_socket" daemon [_thread_blocked, id=25228, stack(0x0000001a2b300000,0x0000001a2b400000)] _threads_hazard_ptr=0x00000162ce249dc0
  0x00000162ce27c800 JavaThread "JDWP Event Helper Thread" daemon [_thread_blocked, id=26260, stack(0x0000001a2b400000,0x0000001a2b500000)]
  0x00000162ce27d000 JavaThread "JDWP Command Reader" daemon [_thread_in_native, id=27240, stack(0x0000001a2b500000,0x0000001a2b600000)]
  0x00000162ce297000 JavaThread "Service Thread" daemon [_thread_blocked, id=22788, stack(0x0000001a2b600000,0x0000001a2b700000)]
  0x00000162ce2a1800 JavaThread "Common-Cleaner" daemon [_thread_blocked, id=23192, stack(0x0000001a2b800000,0x0000001a2b900000)]
  0x00000162ce9ae800 JavaThread "ReaderThread" [_thread_in_native, id=25868, stack(0x0000001a2ba00000,0x0000001a2bb00000)]
  0x00000162cf4e6800 JavaThread "Exec Default Executor" daemon [_thread_in_native, id=1840, stack(0x0000001a2bf00000,0x0000001a2c000000)]
  0x00000162cf6c4800 JavaThread "Exec Stream Pumper" daemon [_thread_in_native, id=24428, stack(0x0000001a2c100000,0x0000001a2c200000)]
  0x00000162cf6ba000 JavaThread "Exec Stream Pumper" daemon [_thread_in_native, id=12580, stack(0x0000001a2c200000,0x0000001a2c300000)]
  0x00000162cf4e0800 JavaThread "OkHttp ConnectionPool" daemon [_thread_blocked, id=25876, stack(0x0000001a2c300000,0x0000001a2c400000)]
  0x00000162cf4d9800 JavaThread "Okio Watchdog" daemon [_thread_blocked, id=26000, stack(0x0000001a2c400000,0x0000001a2c500000)]

Other Threads:
=>0x00000162cd730000 VMThread "VM Thread" [stack: 0x0000001a2ab00000,0x0000001a2ac00000] [id=26196]
  0x00000162ce29b800 WatcherThread [stack: 0x0000001a2b700000,0x0000001a2b800000] [id=24784]
  0x00000162ad4a1800 GCTaskThread "GC Thread#0" [stack: 0x0000001a2a600000,0x0000001a2a700000] [id=14960]
  0x00000162cee49000 GCTaskThread "GC Thread#1" [stack: 0x0000001a2bb00000,0x0000001a2bc00000] [id=24460]
  0x00000162cec22800 GCTaskThread "GC Thread#2" [stack: 0x0000001a2bc00000,0x0000001a2bd00000] [id=9376]
  0x00000162cec23800 GCTaskThread "GC Thread#3" [stack: 0x0000001a2bd00000,0x0000001a2be00000] [id=7700]
  0x00000162ad4d0800 ConcurrentGCThread "G1 Main Marker" [stack: 0x0000001a2a700000,0x0000001a2a800000] [id=26428]
  0x00000162ad4d4000 ConcurrentGCThread "G1 Conc#0" [stack: 0x0000001a2a800000,0x0000001a2a900000] [id=17824]
  0x00000162ad558800 ConcurrentGCThread "G1 Refine#0" [stack: 0x0000001a2a900000,0x0000001a2aa00000] [id=2888]
  0x00000162cd5a1800 ConcurrentGCThread "G1 Young RemSet Sampling" [stack: 0x0000001a2aa00000,0x0000001a2ab00000] [id=24212]

Threads with active compile tasks:

VM state:at safepoint (normal execution)

VM Mutex/Monitor currently owned by a thread:  ([mutex/lock_event])
[0x00000162ad488110] Threads_lock - owner thread: 0x00000162cd730000

Heap address: 0x0000000081800000, size: 2024 MB, Compressed Oops mode: 32-bit
Narrow klass base: 0x0000000000000000, Narrow klass shift: 3
Compressed class space size: 1073741824 Address: 0x0000000100000000

Heap:
 garbage-first heap   total 131072K, used 7427K [0x0000000081800000, 0x0000000100000000)
  region size 1024K, 4 young (4096K), 2 survivors (2048K)
 Metaspace       used 24106K, capacity 24694K, committed 24832K, reserved 1071104K
  class space    used 2517K, capacity 2733K, committed 2816K, reserved 1048576K
Heap Regions: E=young(eden), S=young(survivor), O=old, HS=humongous(starts), HC=humongous(continues), CS=collection set, F=free, A=archive, TAMS=top-at-mark-start (previous, next)
|   0|0x0000000081800000, 0x0000000081900000, 0x0000000081900000|100%| O|  |TAMS 0x0000000081900000, 0x0000000081800000| Untracked 
|   1|0x0000000081900000, 0x0000000081a00000, 0x0000000081a00000|100%| O|  |TAMS 0x0000000081a00000, 0x0000000081900000| Untracked 
|   2|0x0000000081a00000, 0x0000000081b00000, 0x0000000081b00000|100%| O|  |TAMS 0x0000000081af9200, 0x0000000081a00000| Untracked 
|   3|0x0000000081b00000, 0x0000000081c00000, 0x0000000081c00000|100%| O|  |TAMS 0x0000000081b00000, 0x0000000081b00000| Untracked 
|   4|0x0000000081c00000, 0x0000000081c76600, 0x0000000081d00000| 46%| O|  |TAMS 0x0000000081c00000, 0x0000000081c00000| Untracked 
|   5|0x0000000081d00000, 0x0000000081d00000, 0x0000000081e00000|  0%| F|  |TAMS 0x0000000081d00000, 0x0000000081d00000| Untracked 
|   6|0x0000000081e00000, 0x0000000081e00000, 0x0000000081f00000|  0%| F|  |TAMS 0x0000000081e00000, 0x0000000081e00000| Untracked 
|   7|0x0000000081f00000, 0x0000000081f00000, 0x0000000082000000|  0%| F|  |TAMS 0x0000000081f00000, 0x0000000081f00000| Untracked 
|   8|0x0000000082000000, 0x0000000082000000, 0x0000000082100000|  0%| F|  |TAMS 0x0000000082000000, 0x0000000082000000| Untracked 
|   9|0x0000000082100000, 0x0000000082100000, 0x0000000082200000|  0%| F|  |TAMS 0x0000000082100000, 0x0000000082100000| Untracked 
|  10|0x0000000082200000, 0x0000000082200000, 0x0000000082300000|  0%| F|  |TAMS 0x0000000082200000, 0x0000000082200000| Untracked 
|  11|0x0000000082300000, 0x0000000082300000, 0x0000000082400000|  0%| F|  |TAMS 0x0000000082300000, 0x0000000082300000| Untracked 
|  12|0x0000000082400000, 0x0000000082400000, 0x0000000082500000|  0%| F|  |TAMS 0x0000000082400000, 0x0000000082400000| Untracked 
|  13|0x0000000082500000, 0x0000000082500000, 0x0000000082600000|  0%| F|  |TAMS 0x0000000082500000, 0x0000000082500000| Untracked 
|  14|0x0000000082600000, 0x0000000082600000, 0x0000000082700000|  0%| F|  |TAMS 0x0000000082600000, 0x0000000082600000| Untracked 
|  15|0x0000000082700000, 0x0000000082700000, 0x0000000082800000|  0%| F|  |TAMS 0x0000000082700000, 0x0000000082700000| Untracked 
|  16|0x0000000082800000, 0x0000000082800000, 0x0000000082900000|  0%| F|  |TAMS 0x0000000082800000, 0x0000000082800000| Untracked 
|  17|0x0000000082900000, 0x0000000082900000, 0x0000000082a00000|  0%| F|  |TAMS 0x0000000082900000, 0x0000000082900000| Untracked 
|  18|0x0000000082a00000, 0x0000000082a00000, 0x0000000082b00000|  0%| F|  |TAMS 0x0000000082a00000, 0x0000000082a00000| Untracked 
|  19|0x0000000082b00000, 0x0000000082b00000, 0x0000000082c00000|  0%| F|  |TAMS 0x0000000082b00000, 0x0000000082b00000| Untracked 
|  20|0x0000000082c00000, 0x0000000082c00000, 0x0000000082d00000|  0%| F|  |TAMS 0x0000000082c00000, 0x0000000082c00000| Untracked 
|  21|0x0000000082d00000, 0x0000000082d00000, 0x0000000082e00000|  0%| F|  |TAMS 0x0000000082d00000, 0x0000000082d00000| Untracked 
|  22|0x0000000082e00000, 0x0000000082e00000, 0x0000000082f00000|  0%| F|  |TAMS 0x0000000082e00000, 0x0000000082e00000| Untracked 
|  23|0x0000000082f00000, 0x0000000082f00000, 0x0000000083000000|  0%| F|  |TAMS 0x0000000082f00000, 0x0000000082f00000| Untracked 
|  24|0x0000000083000000, 0x0000000083000000, 0x0000000083100000|  0%| F|  |TAMS 0x0000000083000000, 0x0000000083000000| Untracked 
|  25|0x0000000083100000, 0x0000000083100000, 0x0000000083200000|  0%| F|  |TAMS 0x0000000083100000, 0x0000000083100000| Untracked 
|  26|0x0000000083200000, 0x0000000083200000, 0x0000000083300000|  0%| F|  |TAMS 0x0000000083200000, 0x0000000083200000| Untracked 
|  27|0x0000000083300000, 0x0000000083300000, 0x0000000083400000|  0%| F|  |TAMS 0x0000000083300000, 0x0000000083300000| Untracked 
|  28|0x0000000083400000, 0x0000000083400000, 0x0000000083500000|  0%| F|  |TAMS 0x0000000083400000, 0x0000000083400000| Untracked 
|  29|0x0000000083500000, 0x0000000083500000, 0x0000000083600000|  0%| F|  |TAMS 0x0000000083500000, 0x0000000083500000| Untracked 
|  30|0x0000000083600000, 0x0000000083600000, 0x0000000083700000|  0%| F|  |TAMS 0x0000000083600000, 0x0000000083600000| Untracked 
|  31|0x0000000083700000, 0x0000000083700000, 0x0000000083800000|  0%| F|  |TAMS 0x0000000083700000, 0x0000000083700000| Untracked 
|  32|0x0000000083800000, 0x0000000083800000, 0x0000000083900000|  0%| F|  |TAMS 0x0000000083800000, 0x0000000083800000| Untracked 
|  33|0x0000000083900000, 0x0000000083900000, 0x0000000083a00000|  0%| F|  |TAMS 0x0000000083900000, 0x0000000083900000| Untracked 
|  34|0x0000000083a00000, 0x0000000083a00000, 0x0000000083b00000|  0%| F|  |TAMS 0x0000000083a00000, 0x0000000083a00000| Untracked 
|  35|0x0000000083b00000, 0x0000000083b00000, 0x0000000083c00000|  0%| F|  |TAMS 0x0000000083b00000, 0x0000000083b00000| Untracked 
|  36|0x0000000083c00000, 0x0000000083c00000, 0x0000000083d00000|  0%| F|  |TAMS 0x0000000083c00000, 0x0000000083c00000| Untracked 
|  37|0x0000000083d00000, 0x0000000083d00000, 0x0000000083e00000|  0%| F|  |TAMS 0x0000000083d00000, 0x0000000083d00000| Untracked 
|  38|0x0000000083e00000, 0x0000000083e00000, 0x0000000083f00000|  0%| F|  |TAMS 0x0000000083e00000, 0x0000000083e00000| Untracked 
|  39|0x0000000083f00000, 0x0000000083f00000, 0x0000000084000000|  0%| F|  |TAMS 0x0000000083f00000, 0x0000000083f00000| Untracked 
|  40|0x0000000084000000, 0x0000000084000000, 0x0000000084100000|  0%| F|  |TAMS 0x0000000084000000, 0x0000000084000000| Untracked 
|  41|0x0000000084100000, 0x0000000084100000, 0x0000000084200000|  0%| F|  |TAMS 0x0000000084100000, 0x0000000084100000| Untracked 
|  42|0x0000000084200000, 0x0000000084200000, 0x0000000084300000|  0%| F|  |TAMS 0x0000000084200000, 0x0000000084200000| Untracked 
|  43|0x0000000084300000, 0x0000000084300000, 0x0000000084400000|  0%| F|  |TAMS 0x0000000084300000, 0x0000000084300000| Untracked 
|  44|0x0000000084400000, 0x0000000084400000, 0x0000000084500000|  0%| F|  |TAMS 0x0000000084400000, 0x0000000084400000| Untracked 
|  45|0x0000000084500000, 0x0000000084500000, 0x0000000084600000|  0%| F|  |TAMS 0x0000000084500000, 0x0000000084500000| Untracked 
|  46|0x0000000084600000, 0x0000000084600000, 0x0000000084700000|  0%| F|  |TAMS 0x0000000084600000, 0x0000000084600000| Untracked 
|  47|0x0000000084700000, 0x0000000084700000, 0x0000000084800000|  0%| F|  |TAMS 0x0000000084700000, 0x0000000084700000| Untracked 
|  48|0x0000000084800000, 0x0000000084800000, 0x0000000084900000|  0%| F|  |TAMS 0x0000000084800000, 0x0000000084800000| Untracked 
|  49|0x0000000084900000, 0x0000000084900000, 0x0000000084a00000|  0%| F|  |TAMS 0x0000000084900000, 0x0000000084900000| Untracked 
|  50|0x0000000084a00000, 0x0000000084aca980, 0x0000000084b00000| 79%| S|CS|TAMS 0x0000000084a00000, 0x0000000084a00000| Complete 
|  51|0x0000000084b00000, 0x0000000084c00000, 0x0000000084c00000|100%| S|CS|TAMS 0x0000000084b00000, 0x0000000084b00000| Complete 
|  52|0x0000000084c00000, 0x0000000084c00000, 0x0000000084d00000|  0%| F|  |TAMS 0x0000000084c00000, 0x0000000084c00000| Untracked 
|  53|0x0000000084d00000, 0x0000000084d00000, 0x0000000084e00000|  0%| F|  |TAMS 0x0000000084d00000, 0x0000000084d00000| Untracked 
|  54|0x0000000084e00000, 0x0000000084e00000, 0x0000000084f00000|  0%| F|  |TAMS 0x0000000084e00000, 0x0000000084e00000| Untracked 
|  55|0x0000000084f00000, 0x0000000084f00000, 0x0000000085000000|  0%| F|  |TAMS 0x0000000084f00000, 0x0000000084f00000| Untracked 
|  56|0x0000000085000000, 0x0000000085000000, 0x0000000085100000|  0%| F|  |TAMS 0x0000000085000000, 0x0000000085000000| Untracked 
|  57|0x0000000085100000, 0x0000000085100000, 0x0000000085200000|  0%| F|  |TAMS 0x0000000085100000, 0x0000000085100000| Untracked 
|  58|0x0000000085200000, 0x0000000085200000, 0x0000000085300000|  0%| F|  |TAMS 0x0000000085200000, 0x0000000085200000| Untracked 
|  59|0x0000000085300000, 0x0000000085300000, 0x0000000085400000|  0%| F|  |TAMS 0x0000000085300000, 0x0000000085300000| Untracked 
|  60|0x0000000085400000, 0x0000000085400000, 0x0000000085500000|  0%| F|  |TAMS 0x0000000085400000, 0x0000000085400000| Untracked 
|  61|0x0000000085500000, 0x0000000085500000, 0x0000000085600000|  0%| F|  |TAMS 0x0000000085500000, 0x0000000085500000| Untracked 
|  62|0x0000000085600000, 0x0000000085600000, 0x0000000085700000|  0%| F|  |TAMS 0x0000000085600000, 0x0000000085600000| Untracked 
|  63|0x0000000085700000, 0x0000000085700000, 0x0000000085800000|  0%| F|  |TAMS 0x0000000085700000, 0x0000000085700000| Untracked 
|  64|0x0000000085800000, 0x0000000085800000, 0x0000000085900000|  0%| F|  |TAMS 0x0000000085800000, 0x0000000085800000| Untracked 
|  65|0x0000000085900000, 0x0000000085900000, 0x0000000085a00000|  0%| F|  |TAMS 0x0000000085900000, 0x0000000085900000| Untracked 
|  66|0x0000000085a00000, 0x0000000085a00000, 0x0000000085b00000|  0%| F|  |TAMS 0x0000000085a00000, 0x0000000085a00000| Untracked 
|  67|0x0000000085b00000, 0x0000000085b00000, 0x0000000085c00000|  0%| F|  |TAMS 0x0000000085b00000, 0x0000000085b00000| Untracked 
|  68|0x0000000085c00000, 0x0000000085c00000, 0x0000000085d00000|  0%| F|  |TAMS 0x0000000085c00000, 0x0000000085c00000| Untracked 
|  69|0x0000000085d00000, 0x0000000085d00000, 0x0000000085e00000|  0%| F|  |TAMS 0x0000000085d00000, 0x0000000085d00000| Untracked 
|  70|0x0000000085e00000, 0x0000000085e00000, 0x0000000085f00000|  0%| F|  |TAMS 0x0000000085e00000, 0x0000000085e00000| Untracked 
|  71|0x0000000085f00000, 0x0000000085f00000, 0x0000000086000000|  0%| F|  |TAMS 0x0000000085f00000, 0x0000000085f00000| Untracked 
|  72|0x0000000086000000, 0x0000000086000000, 0x0000000086100000|  0%| F|  |TAMS 0x0000000086000000, 0x0000000086000000| Untracked 
|  73|0x0000000086100000, 0x0000000086100000, 0x0000000086200000|  0%| F|  |TAMS 0x0000000086100000, 0x0000000086100000| Untracked 
|  74|0x0000000086200000, 0x0000000086200000, 0x0000000086300000|  0%| F|  |TAMS 0x0000000086200000, 0x0000000086200000| Untracked 
|  75|0x0000000086300000, 0x0000000086300000, 0x0000000086400000|  0%| F|  |TAMS 0x0000000086300000, 0x0000000086300000| Untracked 
|  76|0x0000000086400000, 0x0000000086400000, 0x0000000086500000|  0%| F|  |TAMS 0x0000000086400000, 0x0000000086400000| Untracked 
|  77|0x0000000086500000, 0x0000000086500000, 0x0000000086600000|  0%| F|  |TAMS 0x0000000086500000, 0x0000000086500000| Untracked 
|  78|0x0000000086600000, 0x0000000086600000, 0x0000000086700000|  0%| F|  |TAMS 0x0000000086600000, 0x0000000086600000| Untracked 
|  79|0x0000000086700000, 0x0000000086700000, 0x0000000086800000|  0%| F|  |TAMS 0x0000000086700000, 0x0000000086700000| Untracked 
|  80|0x0000000086800000, 0x0000000086800000, 0x0000000086900000|  0%| F|  |TAMS 0x0000000086800000, 0x0000000086800000| Untracked 
|  81|0x0000000086900000, 0x0000000086900000, 0x0000000086a00000|  0%| F|  |TAMS 0x0000000086900000, 0x0000000086900000| Untracked 
|  82|0x0000000086a00000, 0x0000000086a00000, 0x0000000086b00000|  0%| F|  |TAMS 0x0000000086a00000, 0x0000000086a00000| Untracked 
|  83|0x0000000086b00000, 0x0000000086b00000, 0x0000000086c00000|  0%| F|  |TAMS 0x0000000086b00000, 0x0000000086b00000| Untracked 
|  84|0x0000000086c00000, 0x0000000086c00000, 0x0000000086d00000|  0%| F|  |TAMS 0x0000000086c00000, 0x0000000086c00000| Untracked 
|  85|0x0000000086d00000, 0x0000000086d00000, 0x0000000086e00000|  0%| F|  |TAMS 0x0000000086d00000, 0x0000000086d00000| Untracked 
|  86|0x0000000086e00000, 0x0000000086e00000, 0x0000000086f00000|  0%| F|  |TAMS 0x0000000086e00000, 0x0000000086e00000| Untracked 
|  87|0x0000000086f00000, 0x0000000086f00000, 0x0000000087000000|  0%| F|  |TAMS 0x0000000086f00000, 0x0000000086f00000| Untracked 
|  88|0x0000000087000000, 0x0000000087000000, 0x0000000087100000|  0%| F|  |TAMS 0x0000000087000000, 0x0000000087000000| Untracked 
|  89|0x0000000087100000, 0x0000000087100000, 0x0000000087200000|  0%| F|  |TAMS 0x0000000087100000, 0x0000000087100000| Untracked 
|  90|0x0000000087200000, 0x0000000087200000, 0x0000000087300000|  0%| F|  |TAMS 0x0000000087200000, 0x0000000087200000| Untracked 
|  91|0x0000000087300000, 0x0000000087300000, 0x0000000087400000|  0%| F|  |TAMS 0x0000000087300000, 0x0000000087300000| Untracked 
|  92|0x0000000087400000, 0x0000000087400000, 0x0000000087500000|  0%| F|  |TAMS 0x0000000087400000, 0x0000000087400000| Untracked 
|  93|0x0000000087500000, 0x0000000087500000, 0x0000000087600000|  0%| F|  |TAMS 0x0000000087500000, 0x0000000087500000| Untracked 
|  94|0x0000000087600000, 0x0000000087600000, 0x0000000087700000|  0%| F|  |TAMS 0x0000000087600000, 0x0000000087600000| Untracked 
|  95|0x0000000087700000, 0x0000000087700000, 0x0000000087800000|  0%| F|  |TAMS 0x0000000087700000, 0x0000000087700000| Untracked 
|  96|0x0000000087800000, 0x0000000087800000, 0x0000000087900000|  0%| F|  |TAMS 0x0000000087800000, 0x0000000087800000| Untracked 
|  97|0x0000000087900000, 0x0000000087900000, 0x0000000087a00000|  0%| F|  |TAMS 0x0000000087900000, 0x0000000087900000| Untracked 
|  98|0x0000000087a00000, 0x0000000087a00000, 0x0000000087b00000|  0%| F|  |TAMS 0x0000000087a00000, 0x0000000087a00000| Untracked 
|  99|0x0000000087b00000, 0x0000000087b00000, 0x0000000087c00000|  0%| F|  |TAMS 0x0000000087b00000, 0x0000000087b00000| Untracked 
| 100|0x0000000087c00000, 0x0000000087c00000, 0x0000000087d00000|  0%| F|  |TAMS 0x0000000087c00000, 0x0000000087c00000| Untracked 
| 101|0x0000000087d00000, 0x0000000087d00000, 0x0000000087e00000|  0%| F|  |TAMS 0x0000000087d00000, 0x0000000087d00000| Untracked 
| 102|0x0000000087e00000, 0x0000000087e00000, 0x0000000087f00000|  0%| F|  |TAMS 0x0000000087e00000, 0x0000000087e00000| Untracked 
| 103|0x0000000087f00000, 0x0000000087f00000, 0x0000000088000000|  0%| F|  |TAMS 0x0000000087f00000, 0x0000000087f00000| Untracked 
| 104|0x0000000088000000, 0x0000000088000000, 0x0000000088100000|  0%| F|  |TAMS 0x0000000088000000, 0x0000000088000000| Untracked 
| 105|0x0000000088100000, 0x0000000088100000, 0x0000000088200000|  0%| F|  |TAMS 0x0000000088100000, 0x0000000088100000| Untracked 
| 106|0x0000000088200000, 0x0000000088200000, 0x0000000088300000|  0%| F|  |TAMS 0x0000000088200000, 0x0000000088200000| Untracked 
| 107|0x0000000088300000, 0x0000000088300000, 0x0000000088400000|  0%| F|  |TAMS 0x0000000088300000, 0x0000000088300000| Untracked 
| 108|0x0000000088400000, 0x0000000088400000, 0x0000000088500000|  0%| F|  |TAMS 0x0000000088400000, 0x0000000088400000| Untracked 
| 109|0x0000000088500000, 0x0000000088500000, 0x0000000088600000|  0%| F|  |TAMS 0x0000000088500000, 0x0000000088500000| Untracked 
| 110|0x0000000088600000, 0x0000000088600000, 0x0000000088700000|  0%| F|  |TAMS 0x0000000088600000, 0x0000000088600000| Untracked 
| 111|0x0000000088700000, 0x0000000088700000, 0x0000000088800000|  0%| F|  |TAMS 0x0000000088700000, 0x0000000088700000| Untracked 
| 112|0x0000000088800000, 0x0000000088800000, 0x0000000088900000|  0%| F|  |TAMS 0x0000000088800000, 0x0000000088800000| Untracked 
| 113|0x0000000088900000, 0x0000000088900000, 0x0000000088a00000|  0%| F|  |TAMS 0x0000000088900000, 0x0000000088900000| Untracked 
| 114|0x0000000088a00000, 0x0000000088a00000, 0x0000000088b00000|  0%| F|  |TAMS 0x0000000088a00000, 0x0000000088a00000| Untracked 
| 115|0x0000000088b00000, 0x0000000088b00000, 0x0000000088c00000|  0%| F|  |TAMS 0x0000000088b00000, 0x0000000088b00000| Untracked 
| 116|0x0000000088c00000, 0x0000000088c00000, 0x0000000088d00000|  0%| F|  |TAMS 0x0000000088c00000, 0x0000000088c00000| Untracked 
| 117|0x0000000088d00000, 0x0000000088d00000, 0x0000000088e00000|  0%| F|  |TAMS 0x0000000088d00000, 0x0000000088d00000| Untracked 
| 118|0x0000000088e00000, 0x0000000088e00000, 0x0000000088f00000|  0%| F|  |TAMS 0x0000000088e00000, 0x0000000088e00000| Untracked 
| 119|0x0000000088f00000, 0x0000000088f00000, 0x0000000089000000|  0%| F|  |TAMS 0x0000000088f00000, 0x0000000088f00000| Untracked 
| 120|0x0000000089000000, 0x0000000089000000, 0x0000000089100000|  0%| F|  |TAMS 0x0000000089000000, 0x0000000089000000| Untracked 
| 121|0x0000000089100000, 0x0000000089100000, 0x0000000089200000|  0%| F|  |TAMS 0x0000000089100000, 0x0000000089100000| Untracked 
| 122|0x0000000089200000, 0x0000000089200000, 0x0000000089300000|  0%| F|  |TAMS 0x0000000089200000, 0x0000000089200000| Untracked 
| 123|0x0000000089300000, 0x0000000089300000, 0x0000000089400000|  0%| F|  |TAMS 0x0000000089300000, 0x0000000089300000| Untracked 
| 124|0x0000000089400000, 0x0000000089400000, 0x0000000089500000|  0%| F|  |TAMS 0x0000000089400000, 0x0000000089400000| Untracked 
| 125|0x0000000089500000, 0x0000000089500000, 0x0000000089600000|  0%| F|  |TAMS 0x0000000089500000, 0x0000000089500000| Untracked 
| 126|0x0000000089600000, 0x0000000089700000, 0x0000000089700000|100%| E|  |TAMS 0x0000000089600000, 0x0000000089600000| Complete 
| 127|0x0000000089700000, 0x0000000089800000, 0x0000000089800000|100%| E|CS|TAMS 0x0000000089700000, 0x0000000089700000| Complete 

Card table byte_map: [0x00000162c6a10000,0x00000162c6e10000] _byte_map_base: 0x00000162c6604000

Marking Bits (Prev, Next): (CMBitMap*) 0x00000162ad4c8130, (CMBitMap*) 0x00000162ad4c80f8
 Prev Bits: [0x00000162c91b0000, 0x00000162cb150000)
 Next Bits: [0x00000162c7210000, 0x00000162c91b0000)

Polling page: 0x00000162ad260000

Metaspace:

Usage:
  Non-class:     21.45 MB capacity,    21.08 MB ( 98%) used,   302.37 KB (  1%) free+waste,    69.81 KB ( <1%) overhead. 
      Class:      2.67 MB capacity,     2.46 MB ( 92%) used,   185.59 KB (  7%) free+waste,    29.88 KB (  1%) overhead. 
       Both:     24.12 MB capacity,    23.54 MB ( 98%) used,   487.96 KB (  2%) free+waste,    99.69 KB ( <1%) overhead. 

Virtual space:
  Non-class space:       22.00 MB reserved,      21.50 MB ( 98%) committed 
      Class space:        1.00 GB reserved,       2.75 MB ( <1%) committed 
             Both:        1.02 GB reserved,      24.25 MB (  2%) committed 

Chunk freelists:
   Non-Class:  6.88 KB
       Class:  0 bytes
        Both:  6.88 KB

CodeHeap 'non-profiled nmethods': size=120064Kb used=2525Kb max_used=2525Kb free=117538Kb
 bounds [0x00000162beaa0000, 0x00000162bed20000, 0x00000162c5fe0000]
CodeHeap 'profiled nmethods': size=120000Kb used=7791Kb max_used=7791Kb free=112208Kb
 bounds [0x00000162b7570000, 0x00000162b7d10000, 0x00000162beaa0000]
CodeHeap 'non-nmethods': size=5696Kb used=1235Kb max_used=1306Kb free=4461Kb
 bounds [0x00000162b6fe0000, 0x00000162b7250000, 0x00000162b7570000]
 total_blobs=5323 nmethods=3484 adapters=403
 compilation: enabled
              stopped_count=0, restarted_count=0
 full_count=0

Compilation events (10 events):
Event: 343.539 Thread 0x00000162cd775800 3579       4       com.google.common.collect.Maps$9::transformEntry (11 bytes)
Event: 343.540 Thread 0x00000162cd77f800 3580       3       java.nio.charset.CoderResult::isUnderflow (13 bytes)
Event: 343.541 Thread 0x00000162cd77f800 nmethod 3580 0x00000162b7d0d190 code [0x00000162b7d0d340, 0x00000162b7d0d4f8]
Event: 343.556 Thread 0x00000162cd775800 nmethod 3579 0x00000162bed15390 code [0x00000162bed15620, 0x00000162bed16020]
Event: 358.597 Thread 0x00000162cd77f800 3581       1       org.openqa.selenium.remote.ErrorCodes$KnownError::getW3cCode (5 bytes)
Event: 358.598 Thread 0x00000162cd77f800 nmethod 3581 0x00000162bed16910 code [0x00000162bed16ac0, 0x00000162bed16bd8]
Event: 358.598 Thread 0x00000162cd77f800 3582       1       java.util.TreeMap$Entry::getKey (5 bytes)
Event: 358.598 Thread 0x00000162cd77f800 nmethod 3582 0x00000162bed16c90 code [0x00000162bed16e40, 0x00000162bed16f58]
Event: 358.598 Thread 0x00000162cd775800 3583       4       java.util.StringJoiner::getChars (15 bytes)
Event: 358.607 Thread 0x00000162cd775800 nmethod 3583 0x00000162bed17010 code [0x00000162bed171c0, 0x00000162bed17538]

GC Heap History (10 events):
Event: 243.965 GC heap before
{Heap before GC invocations=9 (full 0):
 garbage-first heap   total 131072K, used 82376K [0x0000000081800000, 0x0000000100000000)
  region size 1024K, 76 young (77824K), 2 survivors (2048K)
 Metaspace       used 23961K, capacity 24577K, committed 24832K, reserved 1071104K
  class space    used 2499K, capacity 2715K, committed 2816K, reserved 1048576K
}
Event: 243.969 GC heap after
{Heap after GC invocations=10 (full 0):
 garbage-first heap   total 131072K, used 6434K [0x0000000081800000, 0x0000000100000000)
  region size 1024K, 2 young (2048K), 2 survivors (2048K)
 Metaspace       used 23961K, capacity 24577K, committed 24832K, reserved 1071104K
  class space    used 2499K, capacity 2715K, committed 2816K, reserved 1048576K
}
Event: 264.276 GC heap before
{Heap before GC invocations=10 (full 0):
 garbage-first heap   total 131072K, used 82210K [0x0000000081800000, 0x0000000100000000)
  region size 1024K, 76 young (77824K), 2 survivors (2048K)
 Metaspace       used 23975K, capacity 24577K, committed 24832K, reserved 1071104K
  class space    used 2499K, capacity 2715K, committed 2816K, reserved 1048576K
}
Event: 264.281 GC heap after
{Heap after GC invocations=11 (full 0):
 garbage-first heap   total 131072K, used 6496K [0x0000000081800000, 0x0000000100000000)
  region size 1024K, 2 young (2048K), 2 survivors (2048K)
 Metaspace       used 23975K, capacity 24577K, committed 24832K, reserved 1071104K
  class space    used 2499K, capacity 2715K, committed 2816K, reserved 1048576K
}
Event: 285.463 GC heap before
{Heap before GC invocations=11 (full 0):
 garbage-first heap   total 131072K, used 82272K [0x0000000081800000, 0x0000000100000000)
  region size 1024K, 76 young (77824K), 2 survivors (2048K)
 Metaspace       used 23975K, capacity 24577K, committed 24832K, reserved 1071104K
  class space    used 2499K, capacity 2715K, committed 2816K, reserved 1048576K
}
Event: 285.467 GC heap after
{Heap after GC invocations=12 (full 0):
 garbage-first heap   total 131072K, used 6501K [0x0000000081800000, 0x0000000100000000)
  region size 1024K, 2 young (2048K), 2 survivors (2048K)
 Metaspace       used 23975K, capacity 24577K, committed 24832K, reserved 1071104K
  class space    used 2499K, capacity 2715K, committed 2816K, reserved 1048576K
}
Event: 307.062 GC heap before
{Heap before GC invocations=12 (full 0):
 garbage-first heap   total 131072K, used 82277K [0x0000000081800000, 0x0000000100000000)
  region size 1024K, 76 young (77824K), 2 survivors (2048K)
 Metaspace       used 23975K, capacity 24577K, committed 24832K, reserved 1071104K
  class space    used 2499K, capacity 2715K, committed 2816K, reserved 1048576K
}
Event: 307.066 GC heap after
{Heap after GC invocations=13 (full 0):
 garbage-first heap   total 131072K, used 6488K [0x0000000081800000, 0x0000000100000000)
  region size 1024K, 2 young (2048K), 2 survivors (2048K)
 Metaspace       used 23975K, capacity 24577K, committed 24832K, reserved 1071104K
  class space    used 2499K, capacity 2715K, committed 2816K, reserved 1048576K
}
Event: 343.531 GC heap before
{Heap before GC invocations=13 (full 0):
 garbage-first heap   total 131072K, used 82264K [0x0000000081800000, 0x0000000100000000)
  region size 1024K, 76 young (77824K), 2 survivors (2048K)
 Metaspace       used 24047K, capacity 24627K, committed 24832K, reserved 1071104K
  class space    used 2514K, capacity 2732K, committed 2816K, reserved 1048576K
}
Event: 343.536 GC heap after
{Heap after GC invocations=14 (full 0):
 garbage-first heap   total 131072K, used 6403K [0x0000000081800000, 0x0000000100000000)
  region size 1024K, 2 young (2048K), 2 survivors (2048K)
 Metaspace       used 24047K, capacity 24627K, committed 24832K, reserved 1071104K
  class space    used 2514K, capacity 2732K, committed 2816K, reserved 1048576K
}

Deoptimization events (10 events):
Event: 343.540 Thread 0x00000162ad48a000 Uncommon trap: reason=class_check action=maybe_recompile pc=0x00000162bebda6b8 method=java.util.stream.ReferencePipeline.collect(Ljava/util/stream/Collector;)Ljava/lang/Object; @ 99 c2
Event: 343.541 Thread 0x00000162ad48a000 Uncommon trap: reason=unhandled action=none pc=0x00000162bebc001c method=java.lang.Class.getDeclaredMethod(Ljava/lang/String;[Ljava/lang/Class;)Ljava/lang/reflect/Method; @ 53 c2
Event: 343.541 Thread 0x00000162ad48a000 Uncommon trap: reason=unhandled action=none pc=0x00000162bebc001c method=java.lang.Class.getDeclaredMethod(Ljava/lang/String;[Ljava/lang/Class;)Ljava/lang/reflect/Method; @ 53 c2
Event: 343.541 Thread 0x00000162ad48a000 Uncommon trap: reason=unhandled action=none pc=0x00000162bebc001c method=java.lang.Class.getDeclaredMethod(Ljava/lang/String;[Ljava/lang/Class;)Ljava/lang/reflect/Method; @ 53 c2
Event: 343.541 Thread 0x00000162ad48a000 Uncommon trap: reason=unhandled action=none pc=0x00000162bebc001c method=java.lang.Class.getDeclaredMethod(Ljava/lang/String;[Ljava/lang/Class;)Ljava/lang/reflect/Method; @ 53 c2
Event: 343.541 Thread 0x00000162ad48a000 Uncommon trap: reason=unhandled action=none pc=0x00000162bebc001c method=java.lang.Class.getDeclaredMethod(Ljava/lang/String;[Ljava/lang/Class;)Ljava/lang/reflect/Method; @ 53 c2
Event: 343.541 Thread 0x00000162ad48a000 Uncommon trap: reason=unhandled action=none pc=0x00000162bebc001c method=java.lang.Class.getDeclaredMethod(Ljava/lang/String;[Ljava/lang/Class;)Ljava/lang/reflect/Method; @ 53 c2
Event: 358.597 Thread 0x00000162ad48a000 Uncommon trap: reason=class_check action=maybe_recompile pc=0x00000162bebdb4d4 method=java.util.stream.ReduceOps$ReduceOp.evaluateSequential(Ljava/util/stream/PipelineHelper;Ljava/util/Spliterator;)Ljava/lang/Object; @ 6 c2
Event: 358.598 Thread 0x00000162ad48a000 Uncommon trap: reason=unstable_if action=reinterpret pc=0x00000162beba32ec method=java.util.stream.StreamOpFlag.fromCharacteristics(Ljava/util/Spliterator;)I @ 10 c2
Event: 358.598 Thread 0x00000162ad48a000 Uncommon trap: reason=class_check action=maybe_recompile pc=0x00000162bec96118 method=java.util.Spliterators$IteratorSpliterator.forEachRemaining(Ljava/util/function/Consumer;)V @ 52 c2

Classes redefined (3 events):
Event: 390.752 Thread 0x00000162cd730000 redefined class name=Tests.SATS, count=1
Event: 466.671 Thread 0x00000162cd730000 redefined class name=Tests.SATS, count=2
Event: 682.565 Thread 0x00000162cd730000 redefined class name=Tests.SATS, count=3

Internal exceptions (10 events):
Event: 328.338 Thread 0x00000162ad48a000 Exception <a 'java/net/SocketTimeoutException'{0x0000000084e43568}: Read timed out> (0x0000000084e43568) thrown at [t:/workspace/open/src/hotspot/share/prims/jni.cpp, line 636]
Event: 328.414 Thread 0x00000162ad48a000 Exception <a 'java/net/SocketTimeoutException'{0x0000000084e54820}: Read timed out> (0x0000000084e54820) thrown at [t:/workspace/open/src/hotspot/share/prims/jni.cpp, line 636]
Event: 328.457 Thread 0x00000162ad48a000 Exception <a 'java/net/SocketTimeoutException'{0x0000000084e7fc18}: Read timed out> (0x0000000084e7fc18) thrown at [t:/workspace/open/src/hotspot/share/prims/jni.cpp, line 636]
Event: 343.528 Thread 0x00000162ad48a000 Exception <a 'java/lang/ClassNotFoundException'{0x0000000084ecad88}: sun/misc/SharedSecrets> (0x0000000084ecad88) thrown at [t:/workspace/open/src/hotspot/share/classfile/systemDictionary.cpp, line 231]
Event: 343.544 Thread 0x00000162ad48a000 Exception <a 'java/net/SocketTimeoutException'{0x0000000089719838}: Read timed out> (0x0000000089719838) thrown at [t:/workspace/open/src/hotspot/share/prims/jni.cpp, line 636]
Event: 362.077 Thread 0x00000162ad48a000 Exception <a 'java/net/SocketTimeoutException'{0x0000000089753c30}: Read timed out> (0x0000000089753c30) thrown at [t:/workspace/open/src/hotspot/share/prims/jni.cpp, line 636]
Event: 402.843 Thread 0x00000162ad48a000 Exception <a 'java/net/SocketTimeoutException'{0x000000008960e138}: Read timed out> (0x000000008960e138) thrown at [t:/workspace/open/src/hotspot/share/prims/jni.cpp, line 636]
Event: 420.349 Thread 0x00000162ad48a000 Exception <a 'java/net/SocketTimeoutException'{0x00000000896484e8}: Read timed out> (0x00000000896484e8) thrown at [t:/workspace/open/src/hotspot/share/prims/jni.cpp, line 636]
Event: 435.496 Thread 0x00000162ad48a000 Exception <a 'java/net/SocketTimeoutException'{0x00000000896837c0}: Read timed out> (0x00000000896837c0) thrown at [t:/workspace/open/src/hotspot/share/prims/jni.cpp, line 636]
Event: 468.431 Thread 0x00000162ad48a000 Exception <a 'java/net/SocketTimeoutException'{0x00000000896afa28}: Read timed out> (0x00000000896afa28) thrown at [t:/workspace/open/src/hotspot/share/prims/jni.cpp, line 636]

Events (10 events):
Event: 682.628 Executing VM operation: GetStackTrace done
Event: 682.728 Executing VM operation: GetFrameCount
Event: 682.728 Executing VM operation: GetFrameCount done
Event: 682.728 Executing VM operation: GetOwnedMonitorInfo
Event: 682.728 Executing VM operation: GetOwnedMonitorInfo done
Event: 682.729 Executing VM operation: GetCurrentContendedMonitor
Event: 682.729 Executing VM operation: GetCurrentContendedMonitor done
Event: 682.735 Executing VM operation: GetFrameLocation
Event: 682.735 Executing VM operation: GetFrameLocation done
Event: 682.735 Executing VM operation: GetOrSetLocal


Dynamic libraries:
0x00007ff681bc0000 - 0x00007ff681c07000 	C:\Program Files\Java\jdk-11.0.2\bin\javaw.exe
0x00007ffc46720000 - 0x00007ffc46910000 	C:\WINDOWS\SYSTEM32\ntdll.dll
0x00007ffc460d0000 - 0x00007ffc46182000 	C:\WINDOWS\System32\KERNEL32.DLL
0x00007ffc43a20000 - 0x00007ffc43cc5000 	C:\WINDOWS\System32\KERNELBASE.dll
0x00007ffc45f80000 - 0x00007ffc46023000 	C:\WINDOWS\System32\ADVAPI32.dll
0x00007ffc46260000 - 0x00007ffc462fe000 	C:\WINDOWS\System32\msvcrt.dll
0x00007ffc46030000 - 0x00007ffc460c7000 	C:\WINDOWS\System32\sechost.dll
0x00007ffc45e50000 - 0x00007ffc45f6f000 	C:\WINDOWS\System32\RPCRT4.dll
0x00007ffc45660000 - 0x00007ffc457f4000 	C:\WINDOWS\System32\USER32.dll
0x00007ffc43700000 - 0x00007ffc43721000 	C:\WINDOWS\System32\win32u.dll
0x00007ffc44c80000 - 0x00007ffc44ca6000 	C:\WINDOWS\System32\GDI32.dll
0x00007ffc445b0000 - 0x00007ffc44748000 	C:\WINDOWS\System32\gdi32full.dll
0x00007ffc43980000 - 0x00007ffc43a1e000 	C:\WINDOWS\System32\msvcp_win.dll
0x00007ffc43cd0000 - 0x00007ffc43dca000 	C:\WINDOWS\System32\ucrtbase.dll
0x00007ffc36890000 - 0x00007ffc36b14000 	C:\WINDOWS\WinSxS\amd64_microsoft.windows.common-controls_6595b64144ccf1df_6.0.18362.1316_none_9e7a364fe461dbd7\COMCTL32.dll
0x00007ffc39710000 - 0x00007ffc3971a000 	C:\WINDOWS\SYSTEM32\VERSION.dll
0x00007ffc45800000 - 0x00007ffc45b37000 	C:\WINDOWS\System32\combase.dll
0x00007ffc43670000 - 0x00007ffc436f1000 	C:\WINDOWS\System32\bcryptPrimitives.dll
0x00007ffc46600000 - 0x00007ffc4662e000 	C:\WINDOWS\System32\IMM32.DLL
0x00007ffc3c540000 - 0x00007ffc3c556000 	C:\Program Files\Java\jdk-11.0.2\bin\vcruntime140.dll
0x00007ffc1e370000 - 0x00007ffc1e41a000 	C:\Program Files\Java\jdk-11.0.2\bin\msvcp140.dll
0x00007ffc0c890000 - 0x00007ffc0d3b7000 	C:\Program Files\Java\jdk-11.0.2\bin\server\jvm.dll
0x00007ffc45f70000 - 0x00007ffc45f78000 	C:\WINDOWS\System32\PSAPI.DLL
0x00007ffc2f360000 - 0x00007ffc2f369000 	C:\WINDOWS\SYSTEM32\WSOCK32.dll
0x00007ffc39270000 - 0x00007ffc39294000 	C:\WINDOWS\SYSTEM32\WINMM.dll
0x00007ffc46450000 - 0x00007ffc464bf000 	C:\WINDOWS\System32\WS2_32.dll
0x00007ffc39100000 - 0x00007ffc3912d000 	C:\WINDOWS\SYSTEM32\WINMMBASE.dll
0x00007ffc43730000 - 0x00007ffc4377a000 	C:\WINDOWS\System32\cfgmgr32.dll
0x00007ffc435b0000 - 0x00007ffc435c1000 	C:\WINDOWS\System32\kernel.appcore.dll
0x00007ffc366c0000 - 0x00007ffc366d1000 	C:\Program Files\Java\jdk-11.0.2\bin\verify.dll
0x00007ffc41cf0000 - 0x00007ffc41ee4000 	C:\WINDOWS\SYSTEM32\DBGHELP.DLL
0x00007ffc39520000 - 0x00007ffc3954a000 	C:\WINDOWS\SYSTEM32\dbgcore.DLL
0x00007ffc33de0000 - 0x00007ffc33e09000 	C:\Program Files\Java\jdk-11.0.2\bin\java.dll
0x00007ffc23c20000 - 0x00007ffc23c57000 	C:\Program Files\Java\jdk-11.0.2\bin\jdwp.dll
0x00007ffc366a0000 - 0x00007ffc366b6000 	C:\Program Files\Java\jdk-11.0.2\bin\zip.dll
0x00007ffc40900000 - 0x00007ffc4090a000 	C:\Program Files\Java\jdk-11.0.2\bin\jimage.dll
0x00007ffc44f10000 - 0x00007ffc455f8000 	C:\WINDOWS\System32\SHELL32.dll
0x00007ffc44e60000 - 0x00007ffc44f07000 	C:\WINDOWS\System32\shcore.dll
0x00007ffc43e30000 - 0x00007ffc445ab000 	C:\WINDOWS\System32\windows.storage.dll
0x00007ffc43640000 - 0x00007ffc43663000 	C:\WINDOWS\System32\profapi.dll
0x00007ffc435f0000 - 0x00007ffc4363a000 	C:\WINDOWS\System32\powrprof.dll
0x00007ffc435a0000 - 0x00007ffc435b0000 	C:\WINDOWS\System32\UMPDC.dll
0x00007ffc45600000 - 0x00007ffc45652000 	C:\WINDOWS\System32\shlwapi.dll
0x00007ffc44780000 - 0x00007ffc44797000 	C:\WINDOWS\System32\cryptsp.dll
0x00007ffc3c530000 - 0x00007ffc3c53a000 	C:\Program Files\Java\jdk-11.0.2\bin\dt_socket.dll
0x00007ffc42de0000 - 0x00007ffc42e47000 	C:\WINDOWS\System32\mswsock.dll
0x00007ffc42b30000 - 0x00007ffc42bfb000 	C:\WINDOWS\SYSTEM32\DNSAPI.dll
0x00007ffc44c70000 - 0x00007ffc44c78000 	C:\WINDOWS\System32\NSI.dll
0x00007ffc42af0000 - 0x00007ffc42b2a000 	C:\WINDOWS\SYSTEM32\IPHLPAPI.DLL
0x00007ffc39990000 - 0x00007ffc39a07000 	C:\WINDOWS\System32\fwpuclnt.dll
0x00007ffc44750000 - 0x00007ffc44776000 	C:\WINDOWS\System32\bcrypt.dll
0x00007ffc39490000 - 0x00007ffc3949a000 	C:\Windows\System32\rasadhlp.dll
0x00007ffc2aa40000 - 0x00007ffc2aa59000 	C:\Program Files\Java\jdk-11.0.2\bin\net.dll
0x00007ffc37d60000 - 0x00007ffc37e50000 	C:\WINDOWS\SYSTEM32\WINHTTP.dll
0x00007ffc349a0000 - 0x00007ffc34b76000 	C:\WINDOWS\SYSTEM32\urlmon.dll
0x00007ffc34180000 - 0x00007ffc34427000 	C:\WINDOWS\SYSTEM32\iertutil.dll
0x00007ffc42fb0000 - 0x00007ffc42fbc000 	C:\WINDOWS\SYSTEM32\CRYPTBASE.DLL
0x00007ffc2aa20000 - 0x00007ffc2aa33000 	C:\Program Files\Java\jdk-11.0.2\bin\nio.dll
0x00007ffc42960000 - 0x00007ffc42993000 	C:\WINDOWS\system32\rsaenh.dll
0x00007ffc434c0000 - 0x00007ffc434e5000 	C:\WINDOWS\SYSTEM32\USERENV.dll
0x00007ffc3c130000 - 0x00007ffc3c146000 	C:\WINDOWS\SYSTEM32\dhcpcsvc6.DLL
0x00007ffc3c110000 - 0x00007ffc3c12c000 	C:\WINDOWS\SYSTEM32\dhcpcsvc.DLL
0x00007ffc3f200000 - 0x00007ffc3f20d000 	C:\Program Files\Java\jdk-11.0.2\bin\sunmscapi.dll
0x00007ffc43780000 - 0x00007ffc438ca000 	C:\WINDOWS\System32\CRYPT32.dll
0x00007ffc435d0000 - 0x00007ffc435e2000 	C:\WINDOWS\System32\MSASN1.dll
0x00007ffc430b0000 - 0x00007ffc430d6000 	C:\WINDOWS\SYSTEM32\ncrypt.dll
0x00007ffc43070000 - 0x00007ffc430ab000 	C:\WINDOWS\SYSTEM32\NTASN1.dll
0x00007ffc22670000 - 0x00007ffc22697000 	C:\Program Files\Java\jdk-11.0.2\bin\sunec.dll
0x00007ffc2a040000 - 0x00007ffc2a056000 	C:\WINDOWS\system32\napinsp.dll
0x00007ffc2a020000 - 0x00007ffc2a03a000 	C:\WINDOWS\system32\pnrpnsp.dll
0x00007ffc2a010000 - 0x00007ffc2a01e000 	C:\WINDOWS\System32\winrnr.dll
0x00007ffc3ec90000 - 0x00007ffc3ecac000 	C:\WINDOWS\system32\NLAapi.dll
0x00007ffc29ff0000 - 0x00007ffc2a005000 	C:\WINDOWS\system32\wshbth.dll

dbghelp: loaded successfully - version: 4.0.5 - missing functions: none
symbol engine: initialized successfully - sym options: 0x614 - pdb path: .;C:\Program Files\Java\jdk-11.0.2\bin;C:\WINDOWS\SYSTEM32;C:\WINDOWS\WinSxS\amd64_microsoft.windows.common-controls_6595b64144ccf1df_6.0.18362.1316_none_9e7a364fe461dbd7;C:\Program Files\Java\jdk-11.0.2\bin\server

VM Arguments:
jvm_args: -agentlib:jdwp=transport=dt_socket,suspend=y,address=localhost:60820 -ea -Dfile.encoding=Cp1252 
java_command: org.testng.remote.RemoteTestNG -serport 60819 -protocol json -d C:\Users\Bhara\eclipse-workspace\Com.Selenium.test\test-output C:\Users\Bhara\AppData\Local\Temp\testng-eclipse--353752451\testng-customsuite.xml
java_class_path (initial): C:\Users\Bhara\eclipse\java-2020-032\eclipse\configuration\org.eclipse.osgi\628\0\.cp\lib\testng-remote.jar;C:\Users\Bhara\eclipse-workspace\Com.Selenium.test\target\test-classes;C:\Users\Bhara\eclipse-workspace\Com.Selenium.test\target\classes;C:\Users\Bhara\.p2\pool\plugins\org.testng_6.14.3.r201802240500.jar;C:\Users\Bhara\.p2\pool\plugins\com.beust.jcommander_1.72.0.jar;C:\Users\Bhara\.p2\pool\plugins\org.apache-extras.beanshell.bsh_2.0.0.b6.jar;C:\Users\Bhara\.p2\pool\plugins\org.yaml.snakeyaml_1.17.0.jar;C:\Users\Bhara\.m2\repository\org\seleniumhq\selenium\selenium-support\3.14.0\selenium-support-3.14.0.jar;C:\Users\Bhara\.m2\repository\org\seleniumhq\selenium\selenium-java\3.141.59\selenium-java-3.141.59.jar;C:\Users\Bhara\.m2\repository\org\seleniumhq\selenium\selenium-api\3.141.59\selenium-api-3.141.59.jar;C:\Users\Bhara\.m2\repository\org\seleniumhq\selenium\selenium-chrome-driver\3.141.59\selenium-chrome-driver-3.141.59.jar;C:\Users\Bhara\.m2\repository\org\seleniumhq\selenium\selenium-edge-driver\3.141.59\selenium-edge-driver-3.141.59.jar;C:\Users\Bhara\.m2\repository\org\seleniumhq\selenium\selenium-firefox-driver\3.141.59\selenium-firefox-driver-3.141.59.jar;C:\Users\Bhara\.m2\repository\org\seleniumhq\selenium\selenium-ie-driver\3.141.59\selenium-ie-driver-3.141.59.jar;C:\Users\Bhara\.m2\repository\org\seleniumhq\selenium\selenium-opera-driver\3.141.59\selenium-opera-driver-3.141.59.jar;C:\Users\Bhara\.m2\repository\org\seleniumhq\selenium\selenium-remote-driver\3.141.59\selenium-remote-driver-3.141.59.jar;C:\Users\Bhara\.m2\repository\org\seleniumhq\selenium\selenium-safari-driver\3.141.59\selenium-safari-driver-3.141.59.jar;C:\Users\Bhara\.m2\repository\org\seleniumhq\selenium\selenium-support\3.141.59\selenium-support-3.141.59.jar;C:\Users\Bhara\.m2\repository\net\bytebuddy\byte-buddy\1.8.15\byte-buddy-1.8.15.jar;C:\Users\Bhara\.m2\repository\org\apache\commons\commons-exec\1.3\commons-exec-1.3.jar;C:\Users\Bhara\.m2\r
Launcher Type: SUN_STANDARD

[Global flags]
     intx CICompilerCount                          = 3                                         {product} {ergonomic}
     uint ConcGCThreads                            = 1                                         {product} {ergonomic}
     uint G1ConcRefinementThreads                  = 4                                         {product} {ergonomic}
   size_t G1HeapRegionSize                         = 1048576                                   {product} {ergonomic}
    uintx GCDrainStackTargetSize                   = 64                                        {product} {ergonomic}
   size_t InitialHeapSize                          = 134217728                                 {product} {ergonomic}
   size_t MarkStackSize                            = 4194304                                   {product} {ergonomic}
   size_t MaxHeapSize                              = 2122317824                                {product} {ergonomic}
   size_t MaxNewSize                               = 1272971264                                {product} {ergonomic}
   size_t MinHeapDeltaBytes                        = 1048576                                   {product} {ergonomic}
    uintx NonNMethodCodeHeapSize                   = 5830092                                {pd product} {ergonomic}
    uintx NonProfiledCodeHeapSize                  = 122914074                              {pd product} {ergonomic}
    uintx ProfiledCodeHeapSize                     = 122914074                              {pd product} {ergonomic}
    uintx ReservedCodeCacheSize                    = 251658240                              {pd product} {ergonomic}
     bool SegmentedCodeCache                       = true                                      {product} {ergonomic}
     bool UseCompressedClassPointers               = true                                 {lp64_product} {ergonomic}
     bool UseCompressedOops                        = true                                 {lp64_product} {ergonomic}
     bool UseG1GC                                  = true                                      {product} {ergonomic}
     bool UseLargePagesIndividualAllocation        = false                                  {pd product} {ergonomic}

Logging:
Log output configuration:
 #0: stdout all=warning uptime,level,tags
 #1: stderr all=off uptime,level,tags

Environment Variables:
PATH=C:/Program Files/Java/jdk-11.0.2/bin/server;C:/Program Files/Java/jdk-11.0.2/bin;E:\app\Bhara\product\18.0.0\dbhomeXE\bin;C:\oraclexe\app\oracle\product\10.2.0\server\bin;C:\WINDOWS\system32;C:\WINDOWS;C:\WINDOWS\System32\Wbem;C:\WINDOWS\System32\WindowsPowerShell\v1.0\;C:\WINDOWS\System32\OpenSSH\;C:\Program Files\Git\cmd;C:\Program Files\PuTTY\;C:\Users\Bhara\AppData\Local\Microsoft\WindowsApps;C:\Program Files\Java\jdk-11.0.2\bin;;C:\Users\Bhara\AppData\Local\Programs\Microsoft VS Code\bin;C:\Users\Bhara\OneDrive\Desktop;
USERNAME=Bhara
OS=Windows_NT
PROCESSOR_IDENTIFIER=Intel64 Family 6 Model 69 Stepping 1, GenuineIntel



---------------  S Y S T E M  ---------------

OS: Windows 10 , 64 bit Build 18362 (10.0.18362.1316)

CPU:total 4 (initial active 4) (2 cores per cpu, 2 threads per core) family 6 model 69 stepping 1, cmov, cx8, fxsr, mmx, sse, sse2, sse3, ssse3, sse4.1, sse4.2, popcnt, avx, avx2, aes, clmul, erms, lzcnt, ht, tsc, tscinvbit, bmi1, bmi2, fma

Memory: 4k page, system-wide physical 8095M (1421M free)
TotalPageFile size 20059M (AvailPageFile size 7239M)
current process WorkingSet (physical memory assigned to process): 157M, peak: 197M
current process commit charge ("private bytes"): 232M, peak: 274M

vm_info: Java HotSpot(TM) 64-Bit Server VM (11.0.2+9-LTS) for windows-amd64 JRE (11.0.2+9-LTS), built on Jan 18 2019 05:24:10 by "mach5one" with MS VC++ 15.5 (VS2017)

END.
